SF:lib/common/providers/common_providers.dart
DA:13,3
DA:15,0
DA:16,0
DA:17,0
DA:21,0
DA:23,0
DA:27,0
DA:28,0
DA:29,0
DA:33,0
DA:34,0
DA:35,0
DA:39,3
DA:40,0
DA:43,2
DA:44,1
DA:46,3
DA:47,0
DA:48,0
DA:49,0
DA:55,0
DA:56,0
DA:57,0
DA:59,0
DA:60,0
DA:61,0
DA:70,0
DA:78,0
DA:79,0
DA:80,0
DA:81,0
DA:84,0
DA:85,0
DA:86,0
DA:87,0
DA:88,0
DA:89,0
DA:92,0
DA:94,0
DA:99,0
DA:101,0
DA:103,0
DA:104,0
DA:105,0
DA:106,0
DA:114,0
DA:117,0
DA:118,0
DA:120,0
DA:121,0
DA:122,0
DA:124,0
DA:125,0
DA:128,8
DA:129,1
DA:131,1
DA:133,3
DA:139,12
LF:58
LH:10
end_of_record
SF:lib/common/widgets/acter_search_widget.dart
DA:18,4
DA:29,4
DA:30,4
DA:36,4
DA:38,4
DA:39,8
DA:40,0
DA:44,4
DA:46,8
DA:47,4
DA:51,4
DA:53,4
DA:54,8
DA:55,4
DA:57,4
DA:58,12
DA:59,14
DA:61,16
DA:62,12
DA:63,4
DA:68,4
DA:75,4
DA:76,12
DA:77,1
DA:78,1
DA:80,1
DA:81,3
DA:82,3
DA:83,2
DA:84,2
LF:30
LH:29
end_of_record
SF:lib/features/chat/widgets/convo_card.dart
DA:18,0
DA:35,1
DA:46,1
DA:48,1
DA:49,1
DA:50,1
DA:51,1
DA:54,0
DA:57,1
DA:58,4
DA:59,1
DA:60,1
DA:61,1
DA:62,1
DA:63,1
DA:65,1
DA:66,1
DA:68,1
DA:70,1
DA:71,1
DA:72,4
DA:73,3
DA:74,1
DA:76,0
DA:77,1
DA:79,1
DA:80,1
DA:81,1
DA:82,1
DA:85,1
DA:86,3
DA:95,1
DA:96,1
DA:97,2
DA:99,2
DA:102,0
DA:103,0
DA:104,0
DA:105,0
DA:106,0
DA:109,0
DA:110,0
DA:111,0
DA:118,1
DA:120,5
DA:122,3
DA:127,1
DA:128,0
DA:129,0
DA:132,1
DA:133,0
DA:134,0
DA:137,1
DA:138,0
DA:139,0
DA:147,0
DA:148,0
DA:149,0
DA:151,0
DA:152,0
DA:153,0
DA:154,0
DA:155,0
DA:156,0
DA:161,0
DA:163,0
DA:164,0
DA:165,0
DA:167,0
DA:173,0
DA:174,0
DA:175,0
DA:176,0
DA:185,0
DA:186,0
DA:187,0
DA:189,0
DA:190,0
DA:191,0
DA:192,0
DA:197,0
DA:198,0
DA:199,0
DA:200,0
DA:204,0
DA:212,1
DA:214,1
DA:216,5
DA:217,0
DA:218,0
DA:221,5
DA:223,0
DA:228,0
DA:229,0
DA:230,0
DA:233,0
DA:234,0
DA:235,0
DA:236,0
DA:237,0
DA:238,0
DA:239,0
DA:240,0
DA:241,0
DA:242,0
DA:243,0
DA:244,0
DA:245,0
DA:246,0
DA:247,0
DA:248,0
DA:249,0
DA:250,0
DA:251,0
DA:252,0
DA:253,0
DA:254,0
DA:255,0
DA:256,0
DA:257,0
DA:258,0
DA:259,0
DA:260,0
DA:261,0
DA:262,0
DA:263,0
DA:264,0
DA:265,0
DA:266,0
DA:270,0
DA:271,0
DA:273,0
DA:275,0
DA:277,0
DA:278,0
DA:279,0
DA:280,0
DA:281,0
DA:282,0
DA:283,0
DA:284,0
DA:288,0
DA:289,0
DA:291,0
DA:294,0
DA:297,0
DA:303,0
DA:304,0
DA:308,0
DA:309,0
DA:311,0
DA:313,0
DA:315,0
DA:316,0
DA:317,0
DA:318,0
DA:319,0
DA:320,0
DA:321,0
DA:322,0
DA:326,0
DA:327,0
DA:329,0
DA:332,0
DA:335,0
DA:340,0
DA:341,0
DA:343,0
DA:344,0
DA:345,0
DA:346,0
DA:347,0
DA:348,0
DA:349,0
DA:350,0
DA:354,0
DA:355,0
DA:356,0
DA:357,0
DA:363,0
DA:364,0
DA:366,0
DA:367,0
DA:368,0
DA:369,0
DA:370,0
DA:371,0
DA:372,0
DA:373,0
DA:377,0
DA:378,0
DA:379,0
DA:380,0
DA:389,0
DA:390,0
DA:392,0
DA:393,0
DA:394,0
DA:395,0
DA:396,0
DA:397,0
DA:398,0
DA:399,0
DA:403,0
DA:404,0
DA:405,0
DA:406,0
DA:414,0
DA:415,0
DA:419,0
DA:420,0
DA:422,0
DA:424,0
DA:426,0
DA:427,0
DA:428,0
DA:429,0
DA:430,0
DA:436,0
DA:437,0
DA:439,0
DA:442,0
DA:445,0
DA:450,0
DA:451,0
DA:453,0
DA:454,0
DA:455,0
DA:456,0
DA:457,0
DA:458,0
DA:459,0
DA:460,0
DA:464,0
DA:465,0
DA:466,0
DA:467,0
DA:477,0
DA:482,0
DA:483,0
DA:484,0
DA:485,0
DA:486,0
DA:487,0
DA:490,0
DA:491,0
DA:492,0
DA:493,0
DA:494,0
DA:498,0
DA:499,0
DA:500,0
DA:510,0
DA:512,0
DA:514,0
DA:515,0
DA:520,0
DA:521,0
DA:522,0
LF:259
LH:42
end_of_record
SF:lib/features/chat/widgets/rooms_list.dart
DA:16,3
DA:27,1
DA:32,1
DA:34,1
DA:43,1
DA:45,1
DA:46,3
DA:49,0
DA:50,0
DA:51,0
DA:52,0
DA:53,0
DA:54,0
DA:56,0
DA:60,1
DA:61,1
DA:64,3
DA:66,6
DA:68,1
DA:69,1
DA:74,1
DA:75,1
DA:76,3
DA:80,1
DA:82,6
DA:83,1
DA:84,1
DA:86,3
DA:93,1
DA:94,4
DA:95,1
DA:98,1
DA:100,1
DA:103,2
DA:104,1
DA:105,5
DA:107,1
DA:108,5
DA:111,1
DA:116,1
DA:118,6
DA:119,2
DA:120,1
DA:122,1
DA:123,1
DA:124,1
DA:125,1
DA:126,2
DA:127,0
DA:128,0
DA:129,0
DA:133,1
DA:134,1
DA:135,2
DA:136,0
DA:137,0
DA:138,0
DA:142,1
DA:143,1
DA:144,2
DA:145,0
DA:146,0
DA:147,0
DA:156,1
DA:158,1
DA:159,1
DA:160,1
DA:161,1
DA:164,1
DA:165,1
DA:169,1
DA:171,1
DA:174,1
DA:176,1
DA:177,1
DA:178,1
DA:181,1
DA:182,1
DA:184,1
DA:189,1
DA:190,1
DA:192,3
DA:193,0
DA:194,3
DA:200,1
DA:201,3
DA:202,1
DA:203,1
DA:204,1
DA:206,1
DA:208,1
DA:209,1
DA:211,1
DA:212,3
DA:214,4
DA:221,1
DA:223,1
DA:225,1
DA:226,2
DA:227,1
DA:228,2
DA:238,1
DA:240,0
DA:241,0
DA:242,0
DA:249,1
DA:250,4
DA:254,1
DA:255,0
DA:260,0
DA:261,0
DA:262,0
DA:263,0
LF:113
LH:88
end_of_record
SF:lib/common/providers/chat_providers.dart
DA:6,6
DA:7,3
DA:8,0
DA:13,2
DA:14,1
DA:15,0
DA:19,0
DA:20,0
DA:21,0
DA:22,0
DA:26,0
DA:27,0
DA:28,0
DA:32,3
DA:33,0
DA:36,2
DA:37,1
DA:38,2
LF:18
LH:8
end_of_record
SF:lib/common/providers/notifiers/chat_notifiers.dart
DA:12,0
DA:18,0
DA:21,0
DA:22,0
DA:23,0
DA:24,0
DA:25,0
DA:27,0
DA:28,0
DA:29,0
DA:31,0
DA:32,0
DA:35,0
DA:36,0
DA:44,0
DA:45,0
DA:46,0
DA:49,0
DA:52,0
DA:53,0
DA:54,0
DA:55,0
DA:56,0
DA:57,0
DA:59,0
DA:60,0
DA:61,0
DA:63,0
DA:64,0
DA:67,0
DA:68,0
DA:77,0
DA:80,0
DA:81,0
DA:84,0
DA:85,0
DA:86,0
DA:87,0
DA:88,0
DA:89,0
DA:91,0
DA:92,0
DA:95,0
DA:98,0
DA:100,0
DA:101,0
DA:102,0
DA:103,0
DA:105,0
DA:108,0
DA:109,0
DA:110,0
DA:112,0
DA:113,0
DA:115,0
DA:118,0
DA:120,0
DA:123,0
DA:124,0
DA:125,0
DA:127,0
DA:128,0
DA:130,0
DA:133,0
DA:135,0
DA:138,0
DA:139,0
DA:140,0
DA:142,0
DA:143,0
DA:145,0
DA:148,0
DA:149,0
DA:150,0
DA:152,0
DA:153,0
DA:155,0
DA:158,0
DA:159,0
DA:160,0
DA:162,0
DA:163,0
DA:165,0
DA:168,0
DA:169,0
DA:170,0
DA:172,0
DA:173,0
DA:174,0
DA:175,0
DA:177,0
DA:178,0
DA:179,0
DA:180,0
DA:182,0
DA:183,0
DA:185,0
DA:186,0
DA:188,0
DA:191,0
DA:193,0
DA:194,0
DA:196,0
DA:199,0
DA:200,0
DA:209,1
DA:214,0
DA:216,0
DA:218,0
DA:219,0
LF:110
LH:1
end_of_record
SF:lib/common/providers/notifiers/client_pref_notifier.dart
DA:28,0
DA:29,0
DA:36,0
DA:37,0
DA:38,0
DA:39,0
DA:43,0
DA:44,0
DA:45,0
DA:46,0
DA:47,0
DA:48,0
DA:49,0
DA:50,0
DA:51,0
DA:52,0
DA:53,0
DA:55,0
DA:60,0
DA:63,0
DA:66,0
DA:67,0
DA:111,0
DA:115,0
DA:117,0
DA:118,0
DA:133,0
DA:134,0
DA:135,0
DA:143,0
DA:144,0
DA:145,0
DA:146,0
DA:150,0
DA:151,0
DA:152,0
DA:157,0
DA:160,0
DA:163,0
DA:164,0
DA:217,1
DA:222,1
DA:223,0
DA:224,0
LF:44
LH:2
end_of_record
SF:lib/common/providers/notifiers/room_notifiers.dart
DA:11,3
DA:17,1
DA:19,2
DA:21,4
DA:26,1
DA:28,3
DA:29,2
DA:30,3
DA:31,1
DA:32,3
DA:33,4
DA:35,0
DA:36,0
DA:38,1
DA:39,2
DA:42,5
DA:43,1
DA:51,0
DA:55,0
DA:57,0
DA:62,0
DA:63,0
DA:65,0
DA:66,0
DA:67,0
DA:69,0
DA:70,0
DA:71,0
DA:74,0
DA:75,0
DA:76,0
DA:79,0
DA:86,0
DA:87,0
DA:98,0
DA:99,0
DA:100,0
DA:101,0
DA:103,0
DA:107,0
DA:108,0
DA:109,0
DA:110,0
DA:112,0
DA:118,0
DA:120,0
DA:121,0
LF:47
LH:15
end_of_record
SF:lib/common/providers/room_providers.dart
DA:17,0
DA:26,0
DA:39,6
DA:40,3
DA:41,2
DA:45,6
DA:46,6
DA:47,0
DA:49,0
DA:51,0
DA:52,0
DA:53,0
DA:57,0
DA:58,0
DA:66,0
DA:67,0
DA:68,0
DA:69,0
DA:70,0
DA:72,0
DA:73,0
DA:76,0
DA:77,0
DA:81,0
DA:82,0
DA:84,0
DA:86,0
DA:87,0
DA:88,0
DA:89,0
DA:90,0
DA:95,0
DA:96,0
DA:97,0
DA:98,0
DA:99,0
DA:101,0
DA:102,0
DA:104,0
DA:107,0
DA:109,0
DA:110,0
DA:111,0
DA:112,0
DA:121,4
DA:122,2
DA:123,0
DA:127,0
DA:130,0
DA:131,0
DA:134,0
DA:135,0
DA:138,0
DA:139,0
DA:140,0
DA:143,0
DA:144,0
DA:149,14
DA:150,7
DA:151,0
DA:153,0
DA:157,6
DA:158,3
DA:159,0
DA:160,0
DA:161,0
DA:162,0
DA:163,0
DA:165,0
DA:171,10
DA:172,5
DA:173,0
DA:177,6
DA:178,3
DA:179,0
DA:181,0
DA:184,0
DA:185,0
DA:186,0
DA:187,0
DA:188,0
DA:193,18
DA:194,0
DA:195,0
DA:196,0
DA:197,0
DA:202,0
DA:203,0
DA:204,0
DA:206,0
DA:210,0
DA:211,0
DA:212,0
DA:214,0
DA:218,2
DA:219,2
DA:220,0
DA:221,0
DA:224,2
DA:225,3
DA:226,4
DA:230,0
DA:233,2
DA:234,3
DA:235,4
DA:236,0
DA:239,0
DA:240,0
DA:241,0
DA:242,0
DA:245,2
DA:246,3
DA:248,4
DA:249,0
DA:250,0
DA:256,2
DA:257,3
DA:258,3
DA:260,1
DA:262,0
DA:265,0
DA:267,0
DA:270,0
DA:275,2
DA:276,3
DA:277,4
DA:278,4
DA:280,1
DA:288,6
DA:289,3
DA:290,0
DA:291,0
DA:292,0
DA:293,0
DA:297,0
DA:298,0
DA:299,0
DA:300,0
DA:301,0
DA:304,0
DA:305,0
DA:306,0
DA:307,0
DA:311,4
DA:312,2
DA:313,0
DA:314,0
DA:315,0
DA:317,0
DA:319,0
DA:325,4
DA:326,6
DA:327,2
DA:328,2
DA:331,8
DA:333,2
LF:156
LH:46
end_of_record
SF:lib/features/chat/models/chat_room_state/chat_room_state.dart
DA:8,0
LF:1
LH:0
end_of_record
SF:lib/features/chat/models/room_list_filter_state/room_list_filter_state.dart
DA:7,1
DA:12,1
DA:13,1
DA:14,0
DA:17,1
DA:18,0
DA:24,1
DA:25,1
DA:26,1
DA:27,2
DA:28,4
DA:29,3
LF:12
LH:10
end_of_record
SF:lib/features/chat/providers/chat_providers.dart
DA:25,2
DA:26,1
DA:28,0
DA:29,0
DA:30,0
DA:31,0
DA:34,0
DA:38,2
DA:39,1
DA:40,2
DA:43,2
DA:44,1
DA:45,0
DA:48,2
DA:49,2
DA:50,0
DA:54,0
DA:57,0
DA:58,0
DA:59,0
DA:60,0
DA:63,0
DA:64,0
DA:65,0
DA:68,0
DA:69,0
DA:71,0
DA:72,0
DA:76,0
DA:77,0
DA:78,0
DA:81,0
DA:82,0
DA:83,0
DA:84,0
DA:85,0
DA:87,0
DA:92,0
DA:93,0
DA:94,0
DA:95,0
DA:96,0
DA:107,0
DA:109,0
DA:110,0
DA:121,0
DA:122,0
DA:133,0
DA:134,0
DA:138,0
DA:141,0
DA:142,0
DA:143,0
DA:144,0
DA:147,3
DA:149,2
DA:152,0
DA:153,0
DA:154,0
DA:156,0
DA:158,0
DA:161,2
DA:162,2
DA:163,2
DA:164,2
DA:168,1
DA:170,2
DA:171,2
DA:172,1
DA:173,1
DA:181,2
DA:182,1
DA:183,0
DA:185,0
DA:188,2
DA:189,2
DA:190,0
DA:191,0
DA:192,0
DA:193,0
DA:195,0
DA:196,0
DA:197,0
DA:198,0
DA:199,0
DA:200,0
DA:205,0
DA:212,2
DA:213,2
DA:214,1
DA:215,3
DA:221,0
DA:222,0
DA:223,0
DA:228,0
DA:229,0
DA:234,0
DA:235,0
DA:240,0
DA:242,0
DA:243,0
DA:247,0
DA:255,0
DA:256,0
DA:257,0
DA:261,0
DA:262,0
DA:266,0
DA:267,0
DA:268,0
LF:110
LH:28
end_of_record
SF:lib/features/chat/providers/notifiers/chat_room_notifier.dart
DA:16,0
DA:22,0
DA:32,0
DA:35,0
DA:36,0
DA:39,0
DA:41,0
DA:42,0
DA:43,0
DA:44,0
DA:45,0
DA:46,0
DA:48,0
DA:49,0
DA:52,0
DA:54,0
DA:55,0
DA:56,0
DA:58,0
DA:59,0
DA:60,0
DA:65,0
DA:66,0
DA:68,0
DA:71,0
DA:73,0
DA:78,0
DA:79,0
DA:80,0
DA:89,0
DA:90,0
DA:93,0
DA:94,0
DA:96,0
DA:97,0
DA:98,0
DA:99,0
DA:101,0
DA:103,0
DA:106,0
DA:107,0
DA:108,0
DA:109,0
DA:110,0
DA:114,0
DA:115,0
DA:116,0
DA:117,0
DA:120,0
DA:123,0
DA:124,0
DA:128,0
DA:129,0
DA:130,0
DA:131,0
DA:132,0
DA:133,0
DA:134,0
DA:135,0
DA:136,0
DA:137,0
DA:139,0
DA:140,0
DA:141,0
DA:142,0
DA:145,0
DA:146,0
DA:147,0
DA:148,0
DA:149,0
DA:150,0
DA:152,0
DA:153,0
DA:154,0
DA:155,0
DA:156,0
DA:157,0
DA:159,0
DA:160,0
DA:161,0
DA:163,0
DA:164,0
DA:165,0
DA:166,0
DA:167,0
DA:168,0
DA:169,0
DA:171,0
DA:172,0
DA:173,0
DA:174,0
DA:175,0
DA:177,0
DA:178,0
DA:179,0
DA:180,0
DA:182,0
DA:183,0
DA:184,0
DA:185,0
DA:187,0
DA:188,0
DA:190,0
DA:191,0
DA:192,0
DA:193,0
DA:194,0
DA:195,0
DA:196,0
DA:198,0
DA:199,0
DA:202,0
DA:203,0
DA:204,0
DA:205,0
DA:213,0
DA:214,0
DA:215,0
DA:216,0
DA:217,0
DA:219,0
DA:221,0
DA:222,0
DA:224,0
DA:231,0
DA:234,0
DA:236,0
DA:237,0
DA:246,0
DA:247,0
DA:248,0
DA:249,0
DA:252,0
DA:253,0
DA:254,0
DA:255,0
DA:256,0
DA:257,0
DA:258,0
DA:259,0
DA:260,0
DA:261,0
DA:262,0
DA:263,0
DA:264,0
DA:265,0
DA:266,0
DA:267,0
DA:268,0
DA:269,0
DA:270,0
DA:271,0
DA:273,0
DA:274,0
DA:275,0
DA:276,0
DA:277,0
DA:278,0
DA:284,0
DA:285,0
DA:286,0
DA:287,0
DA:288,0
DA:289,0
DA:295,0
DA:296,0
DA:297,0
DA:298,0
DA:300,0
DA:301,0
DA:303,0
DA:304,0
DA:306,0
DA:307,0
DA:309,0
DA:311,0
DA:312,0
DA:314,0
DA:320,0
DA:321,0
DA:323,0
DA:325,0
DA:327,0
DA:328,0
DA:330,0
DA:331,0
DA:333,0
DA:334,0
DA:335,0
DA:336,0
DA:337,0
DA:342,0
DA:343,0
DA:345,0
DA:347,0
DA:349,0
DA:350,0
DA:352,0
DA:353,0
DA:355,0
DA:356,0
DA:357,0
DA:358,0
DA:359,0
DA:364,0
DA:365,0
DA:367,0
DA:369,0
DA:371,0
DA:372,0
DA:374,0
DA:375,0
DA:377,0
DA:378,0
DA:379,0
DA:380,0
DA:385,0
DA:386,0
DA:388,0
DA:389,0
DA:391,0
DA:392,0
DA:394,0
DA:395,0
DA:396,0
DA:397,0
DA:402,0
DA:408,0
DA:409,0
DA:410,0
DA:411,0
DA:413,0
DA:419,0
DA:420,0
DA:422,0
DA:423,0
DA:431,0
DA:433,0
DA:434,0
DA:436,0
DA:443,0
DA:445,0
DA:446,0
DA:449,0
DA:450,0
DA:451,0
DA:452,0
DA:453,0
DA:455,0
DA:457,0
DA:458,0
DA:459,0
DA:461,0
DA:464,0
DA:465,0
DA:466,0
DA:467,0
DA:472,0
DA:473,0
DA:474,0
DA:475,0
DA:476,0
DA:477,0
DA:478,0
DA:479,0
DA:480,0
DA:481,0
DA:482,0
DA:483,0
DA:484,0
DA:485,0
DA:486,0
DA:487,0
DA:488,0
DA:489,0
DA:490,0
DA:491,0
DA:492,0
DA:497,0
DA:500,0
DA:501,0
DA:509,0
DA:510,0
DA:511,0
DA:512,0
DA:514,0
DA:515,0
DA:516,0
DA:523,0
DA:525,0
DA:532,0
DA:533,0
DA:540,0
DA:542,0
DA:549,0
DA:550,0
DA:552,0
DA:553,0
DA:554,0
DA:559,0
DA:562,0
DA:570,0
DA:571,0
DA:572,0
DA:573,0
DA:574,0
DA:576,0
DA:578,0
DA:579,0
DA:581,0
DA:589,0
DA:591,0
DA:592,0
DA:594,0
DA:598,0
DA:601,0
DA:602,0
DA:603,0
DA:604,0
DA:608,0
DA:609,0
DA:611,0
DA:612,0
DA:613,0
DA:619,0
DA:622,0
DA:624,0
DA:625,0
DA:627,0
DA:637,0
DA:638,0
DA:640,0
DA:647,0
DA:649,0
DA:650,0
DA:652,0
DA:658,0
DA:659,0
DA:660,0
DA:661,0
DA:665,0
DA:666,0
DA:668,0
DA:675,0
DA:677,0
DA:678,0
DA:680,0
DA:684,0
DA:687,0
DA:688,0
DA:689,0
DA:690,0
DA:694,0
DA:695,0
DA:697,0
DA:701,0
DA:702,0
DA:709,0
DA:711,0
DA:712,0
DA:714,0
DA:716,0
DA:718,0
DA:719,0
DA:720,0
DA:721,0
DA:722,0
DA:724,0
DA:727,0
DA:730,0
DA:733,0
DA:735,0
DA:744,0
DA:745,0
DA:746,0
DA:747,0
DA:748,0
DA:754,0
DA:757,0
DA:759,0
DA:760,0
DA:762,0
DA:770,0
DA:771,0
DA:773,0
DA:781,0
DA:783,0
DA:784,0
DA:786,0
DA:792,0
DA:793,0
DA:794,0
DA:798,0
DA:802,0
DA:803,0
DA:804,0
DA:805,0
DA:806,0
DA:808,0
DA:809,0
DA:810,0
DA:811,0
DA:813,0
DA:815,0
DA:818,0
DA:819,0
DA:820,0
DA:821,0
DA:829,0
DA:831,0
DA:832,0
DA:834,0
DA:843,0
DA:844,0
DA:846,0
DA:847,0
DA:852,0
DA:855,0
DA:866,0
DA:869,0
DA:877,0
DA:883,0
DA:884,0
DA:885,0
DA:887,0
DA:889,0
DA:891,0
DA:892,0
DA:893,0
DA:894,0
DA:895,0
DA:896,0
DA:897,0
DA:904,0
DA:905,0
DA:909,0
DA:913,0
DA:914,0
DA:915,0
DA:916,0
DA:919,0
LF:441
LH:0
end_of_record
SF:lib/features/chat/providers/room_list_filter_provider.dart
DA:6,3
DA:8,3
DA:10,0
DA:11,0
DA:12,0
DA:15,2
DA:16,1
DA:17,1
DA:18,3
DA:21,4
DA:22,2
DA:23,1
DA:24,1
DA:25,2
DA:28,2
DA:34,1
DA:37,2
DA:38,3
DA:40,0
DA:42,0
DA:47,0
DA:48,0
DA:49,0
DA:52,1
DA:53,4
DA:56,0
DA:58,0
LF:27
LH:17
end_of_record
SF:lib/common/themes/acter_theme.dart
DA:16,0
DA:18,0
DA:19,0
DA:21,1
DA:22,2
DA:26,27
DA:28,9
DA:29,9
DA:30,9
DA:31,9
DA:32,9
DA:33,9
DA:35,9
DA:38,9
DA:39,9
DA:44,9
DA:46,9
DA:47,9
DA:48,18
DA:49,9
DA:50,9
DA:51,18
DA:54,9
DA:55,9
DA:56,9
DA:58,9
DA:59,9
DA:60,9
DA:61,9
DA:62,9
DA:63,18
DA:64,9
DA:65,18
DA:66,9
DA:67,9
DA:68,9
DA:69,9
LF:37
LH:34
end_of_record
SF:lib/common/actions/close_room.dart
DA:15,0
DA:17,0
DA:23,0
DA:26,0
DA:32,0
DA:34,0
DA:44,0
DA:50,0
DA:52,0
DA:57,0
DA:59,0
DA:60,0
DA:61,0
DA:63,0
DA:64,0
DA:65,0
DA:66,0
DA:69,0
DA:70,0
DA:72,0
DA:74,0
DA:76,0
DA:78,0
DA:79,0
DA:80,0
DA:81,0
DA:82,0
DA:85,0
DA:86,0
DA:87,0
DA:88,0
DA:90,0
DA:91,0
DA:103,0
DA:104,0
DA:105,0
DA:107,0
DA:108,0
DA:110,0
DA:111,0
DA:112,0
DA:113,0
DA:114,0
DA:115,0
DA:118,0
DA:119,0
DA:120,0
DA:126,0
DA:127,0
DA:128,0
DA:130,0
DA:131,0
DA:133,0
DA:135,0
DA:138,0
DA:140,0
DA:141,0
DA:145,0
DA:146,0
DA:147,0
DA:148,0
DA:152,0
DA:153,0
DA:155,0
DA:157,0
DA:160,0
DA:162,0
DA:163,0
DA:164,0
DA:165,0
DA:167,0
DA:168,0
DA:173,0
DA:176,0
DA:177,0
DA:178,0
DA:179,0
DA:180,0
DA:182,0
DA:185,0
DA:189,0
DA:191,0
DA:192,0
DA:196,0
DA:197,0
DA:198,0
DA:201,0
DA:205,0
DA:206,0
DA:207,0
DA:208,0
DA:209,0
DA:211,0
DA:213,0
DA:214,0
DA:217,0
DA:218,0
DA:220,0
DA:222,0
DA:224,0
DA:225,0
DA:226,0
DA:229,0
DA:230,0
LF:104
LH:0
end_of_record
SF:lib/common/providers/sdk_provider.dart
DA:4,3
DA:5,0
LF:2
LH:1
end_of_record
SF:lib/common/providers/space_providers.dart
DA:11,0
DA:14,0
DA:15,0
DA:16,0
DA:17,0
DA:20,0
DA:21,0
DA:23,0
DA:24,0
DA:27,0
DA:28,0
DA:32,0
DA:33,0
DA:35,0
DA:38,0
DA:42,0
DA:43,0
DA:44,0
DA:45,0
DA:52,6
DA:53,3
DA:54,0
DA:59,2
DA:60,2
DA:61,4
DA:62,1
DA:67,0
DA:68,0
DA:69,0
DA:74,0
DA:75,0
DA:76,0
DA:77,0
DA:78,0
DA:79,0
DA:80,0
DA:84,0
DA:90,0
DA:91,0
DA:94,0
DA:95,0
DA:97,0
DA:107,0
DA:125,2
DA:137,6
DA:138,6
DA:139,0
DA:140,0
DA:141,0
DA:142,0
DA:151,0
DA:152,0
DA:154,0
DA:155,0
DA:156,0
DA:157,0
DA:158,0
DA:159,0
DA:160,0
DA:169,0
DA:170,0
DA:171,0
DA:172,0
DA:174,0
DA:176,0
DA:177,0
DA:179,0
DA:182,0
DA:184,0
DA:186,0
DA:187,0
DA:189,0
DA:191,0
DA:201,0
DA:202,0
DA:203,0
DA:204,0
DA:207,0
DA:215,6
DA:216,6
DA:217,0
DA:218,0
DA:219,0
DA:220,0
DA:226,4
DA:227,2
DA:228,0
DA:231,0
DA:232,0
DA:233,0
DA:234,0
DA:235,0
DA:236,0
DA:238,0
DA:239,0
DA:245,0
DA:247,0
DA:250,0
DA:255,0
DA:257,0
DA:258,0
DA:260,0
DA:261,0
DA:263,0
DA:268,0
DA:269,0
DA:270,0
DA:271,0
DA:273,0
DA:274,0
DA:276,0
DA:280,0
DA:284,0
DA:291,2
DA:292,2
DA:293,4
DA:294,1
DA:297,0
DA:298,0
DA:299,0
DA:302,0
DA:303,0
DA:304,0
DA:307,4
DA:308,2
DA:309,2
DA:310,8
DA:311,2
DA:312,0
DA:315,2
DA:316,1
DA:317,1
DA:320,4
DA:321,2
DA:323,4
DA:326,1
DA:327,1
DA:328,0
DA:329,0
DA:335,2
DA:336,2
DA:339,4
DA:340,1
DA:341,1
DA:342,2
DA:344,0
DA:345,0
DA:346,0
DA:347,0
DA:349,0
DA:352,0
DA:353,0
DA:354,0
DA:355,0
DA:356,0
DA:358,0
DA:360,0
DA:361,0
DA:365,4
DA:366,2
DA:369,0
DA:370,0
DA:371,0
DA:372,0
DA:374,0
DA:375,0
DA:376,0
DA:377,0
DA:379,0
DA:382,0
DA:383,0
DA:384,0
DA:385,0
DA:386,0
DA:388,0
DA:390,0
DA:391,0
DA:395,2
DA:396,1
DA:397,1
DA:400,4
DA:401,2
DA:402,3
DA:403,2
DA:404,1
DA:407,4
DA:410,1
DA:411,1
DA:412,0
DA:413,0
DA:417,0
DA:418,0
DA:419,0
DA:423,0
DA:426,0
LF:195
LH:49
end_of_record
SF:lib/common/toolkit/buttons/danger_action_button.dart
DA:11,0
DA:25,0
DA:37,0
DA:46,0
DA:53,0
DA:55,0
DA:56,0
DA:65,0
DA:70,0
DA:72,0
DA:73,0
DA:75,0
LF:12
LH:0
end_of_record
SF:lib/common/widgets/room/room_profile_header.dart
DA:8,0
DA:10,0
DA:12,0
DA:13,0
DA:14,0
DA:15,0
DA:16,0
DA:22,0
LF:8
LH:0
end_of_record
SF:lib/common/actions/redact_content.dart
DA:14,0
DA:16,0
DA:28,0
DA:31,0
DA:58,0
DA:70,0
DA:72,0
DA:73,0
DA:74,0
DA:76,0
DA:78,0
DA:79,0
DA:80,0
DA:84,0
DA:86,0
DA:87,0
DA:88,0
DA:91,0
DA:93,0
DA:94,0
DA:95,0
DA:100,0
DA:101,0
DA:102,0
DA:103,0
DA:104,0
DA:106,0
DA:107,0
DA:108,0
DA:109,0
DA:110,0
DA:116,0
DA:117,0
DA:118,0
DA:120,0
DA:121,0
DA:122,0
DA:123,0
DA:125,0
DA:127,0
DA:129,0
DA:130,0
DA:133,0
DA:134,0
DA:137,0
DA:138,0
DA:139,0
DA:141,0
DA:142,0
DA:143,0
DA:146,0
DA:147,0
LF:52
LH:0
end_of_record
SF:lib/common/utils/utils.dart
DA:24,0
DA:26,0
DA:27,0
DA:29,0
DA:33,0
DA:37,0
DA:41,1
DA:43,1
DA:47,1
DA:58,0
DA:59,0
DA:67,0
DA:68,0
DA:69,0
DA:70,0
DA:72,0
DA:73,0
DA:74,0
DA:75,0
DA:78,0
DA:85,0
DA:86,0
DA:89,0
DA:90,0
DA:92,0
DA:93,0
DA:94,0
DA:96,0
DA:100,1
DA:101,3
DA:102,3
DA:103,2
DA:104,3
DA:107,0
DA:108,0
DA:112,1
DA:113,3
DA:114,3
DA:115,5
DA:118,1
DA:119,2
DA:120,2
DA:124,1
DA:125,2
DA:126,2
DA:130,1
DA:131,2
DA:132,2
DA:135,0
DA:136,0
DA:137,0
DA:138,0
DA:139,0
DA:141,0
DA:142,0
DA:143,0
DA:145,0
DA:146,0
DA:148,0
DA:155,0
DA:158,0
DA:159,0
DA:162,0
DA:163,0
DA:166,0
DA:167,0
DA:168,0
DA:169,0
DA:171,0
DA:174,0
DA:175,0
DA:179,0
DA:180,0
DA:182,0
DA:183,0
DA:186,0
DA:188,0
DA:189,0
DA:190,0
DA:191,0
DA:192,0
DA:197,0
DA:201,0
DA:202,0
DA:203,0
DA:204,0
DA:206,0
DA:207,0
DA:208,0
DA:209,0
DA:215,0
DA:216,0
DA:221,0
DA:224,0
DA:225,0
DA:226,0
DA:227,0
DA:230,0
DA:235,0
DA:236,0
DA:237,0
DA:239,0
DA:241,0
DA:242,0
DA:243,0
DA:245,0
DA:247,0
DA:251,0
DA:256,0
DA:257,0
DA:258,0
DA:259,0
DA:260,0
DA:261,0
DA:263,0
DA:264,0
DA:266,0
DA:268,0
DA:270,0
DA:271,0
DA:272,0
DA:275,0
DA:276,0
DA:282,0
DA:283,0
DA:284,0
DA:287,0
DA:288,0
DA:289,0
DA:290,0
DA:291,0
DA:292,0
DA:293,0
DA:294,0
DA:295,0
DA:296,0
DA:297,0
DA:298,0
DA:303,0
DA:304,0
DA:308,0
DA:311,0
DA:314,0
DA:315,0
DA:319,0
DA:322,0
DA:326,0
DA:327,0
DA:331,0
DA:333,0
DA:334,0
DA:336,0
DA:339,0
DA:340,0
DA:344,0
DA:345,0
DA:352,0
DA:354,0
DA:355,0
DA:357,0
DA:362,0
DA:364,0
DA:365,0
DA:368,0
DA:369,0
DA:372,0
DA:373,0
DA:374,0
DA:375,0
DA:377,0
DA:378,0
DA:380,0
DA:383,0
DA:385,0
DA:386,0
DA:388,0
DA:394,0
DA:395,0
DA:396,0
DA:399,0
DA:401,0
DA:402,0
DA:403,0
DA:434,0
DA:435,0
DA:437,0
DA:441,0
DA:458,7
DA:460,5
DA:464,0
DA:466,0
LF:191
LH:23
end_of_record
SF:lib/common/widgets/default_dialog.dart
DA:15,0
DA:27,0
DA:29,0
DA:30,0
DA:32,0
DA:33,0
DA:34,0
DA:35,0
DA:36,0
DA:38,0
DA:39,0
DA:40,0
DA:41,0
DA:43,0
DA:45,0
DA:46,0
DA:53,0
DA:54,0
DA:56,0
DA:58,0
LF:20
LH:0
end_of_record
SF:lib/common/widgets/input_text_field.dart
DA:13,0
DA:25,0
DA:26,0
DA:32,0
DA:34,0
DA:35,0
DA:36,0
DA:37,0
DA:38,0
DA:39,0
DA:41,0
DA:42,0
DA:43,0
DA:44,0
DA:45,0
DA:47,0
DA:48,0
DA:49,0
DA:51,0
LF:19
LH:0
end_of_record
SF:lib/common/actions/report_content.dart
DA:13,0
DA:15,0
DA:17,0
DA:26,0
DA:29,0
DA:49,0
DA:58,0
DA:60,0
DA:61,0
DA:62,0
DA:63,0
DA:65,0
DA:67,0
DA:68,0
DA:69,0
DA:73,0
DA:75,0
DA:76,0
DA:77,0
DA:80,0
DA:82,0
DA:83,0
DA:85,0
DA:87,0
DA:92,0
DA:93,0
DA:94,0
DA:96,0
DA:97,0
DA:98,0
DA:100,0
DA:101,0
DA:102,0
DA:104,0
DA:105,0
DA:107,0
DA:110,0
DA:117,0
DA:118,0
DA:119,0
DA:120,0
DA:122,0
DA:123,0
DA:124,0
DA:130,0
DA:132,0
DA:133,0
DA:134,0
DA:136,0
DA:137,0
DA:139,0
DA:140,0
DA:141,0
DA:143,0
DA:144,0
DA:146,0
DA:148,0
DA:150,0
DA:151,0
DA:153,0
DA:154,0
DA:155,0
DA:159,0
DA:160,0
DA:164,0
DA:165,0
DA:167,0
DA:168,0
DA:169,0
DA:174,0
DA:175,0
DA:176,0
DA:179,0
DA:180,0
LF:74
LH:0
end_of_record
SF:lib/common/actions/show_limited_space_list.dart
DA:9,0
DA:11,0
DA:15,0
DA:16,0
DA:21,0
DA:22,0
DA:30,0
DA:35,0
DA:38,0
DA:39,0
DA:40,0
DA:41,0
DA:42,0
DA:43,0
DA:45,0
DA:51,0
DA:52,0
DA:53,0
DA:54,0
DA:55,0
DA:56,0
DA:59,0
DA:60,0
DA:62,0
DA:63,0
DA:64,0
DA:65,0
DA:66,0
LF:28
LH:0
end_of_record
SF:lib/common/widgets/room/room_card.dart
DA:93,2
DA:116,0
DA:138,2
DA:140,8
DA:141,10
DA:143,2
DA:144,2
DA:145,2
DA:148,2
DA:149,2
DA:150,2
DA:151,2
DA:152,2
DA:153,2
DA:154,2
DA:155,2
DA:156,2
DA:157,2
DA:158,2
LF:19
LH:18
end_of_record
SF:lib/common/actions/show_parent_space_list.dart
DA:9,0
DA:11,0
DA:15,0
DA:21,0
DA:22,0
DA:30,0
DA:35,0
DA:37,0
DA:38,0
DA:39,0
DA:40,0
DA:41,0
DA:42,0
DA:44,0
DA:50,0
DA:51,0
DA:52,0
DA:53,0
DA:54,0
DA:55,0
DA:58,0
DA:59,0
DA:61,0
DA:62,0
DA:63,0
DA:64,0
DA:65,0
LF:27
LH:0
end_of_record
SF:lib/common/animations/like_animation.dart
DA:6,0
DA:8,0
DA:9,0
DA:11,0
DA:12,0
LF:5
LH:0
end_of_record
SF:lib/common/dialogs/deactivation_confirmation.dart
DA:11,0
DA:19,0
DA:20,0
DA:21,0
DA:22,0
DA:23,0
DA:25,0
DA:26,0
DA:27,0
DA:28,0
DA:29,0
DA:30,0
DA:31,0
DA:35,0
DA:37,0
DA:38,0
DA:39,0
DA:40,0
DA:41,0
DA:46,0
DA:47,0
DA:48,0
DA:49,0
DA:50,0
DA:51,0
DA:52,0
DA:56,0
DA:62,0
DA:64,0
DA:65,0
DA:66,0
DA:67,0
DA:72,0
DA:74,0
DA:78,0
DA:84,0
DA:85,0
DA:87,0
DA:88,0
DA:90,0
DA:92,0
DA:95,0
DA:97,0
DA:105,0
DA:110,0
DA:111,0
DA:112,0
DA:114,0
DA:116,0
DA:117,0
DA:118,0
DA:121,0
DA:122,0
DA:127,0
DA:128,0
DA:129,0
DA:131,0
DA:132,0
DA:133,0
DA:136,0
DA:137,0
LF:61
LH:0
end_of_record
SF:lib/common/dialogs/logout_confirmation.dart
DA:11,0
DA:12,0
DA:14,0
DA:15,0
DA:16,0
DA:17,0
DA:18,0
DA:20,0
DA:21,0
DA:23,0
DA:26,0
DA:29,0
DA:31,0
DA:32,0
DA:33,0
DA:34,0
DA:35,0
DA:36,0
DA:41,0
DA:42,0
DA:43,0
DA:44,0
DA:45,0
DA:49,0
DA:50,0
DA:51,0
DA:52,0
DA:54,0
DA:55,0
LF:29
LH:0
end_of_record
SF:lib/features/auth/providers/auth_providers.dart
DA:4,0
DA:5,0
LF:2
LH:0
end_of_record
SF:lib/common/dialogs/nuke_confirmation.dart
DA:11,0
DA:12,0
DA:14,0
DA:15,0
DA:16,0
DA:18,0
DA:19,0
DA:21,0
DA:29,0
DA:31,0
DA:33,0
DA:44,0
DA:45,0
DA:46,0
DA:49,0
DA:50,0
DA:51,0
DA:53,0
DA:54,0
LF:19
LH:0
end_of_record
SF:lib/common/models/attachment_media_state/attachment_media_state.dart
DA:9,0
LF:1
LH:0
end_of_record
SF:lib/common/pages/fatal_fail.dart
DA:18,0
DA:24,0
DA:25,0
DA:32,0
DA:34,0
DA:35,0
DA:38,0
DA:40,0
DA:41,0
DA:42,0
DA:43,0
DA:44,0
DA:46,0
DA:48,0
DA:50,0
DA:51,0
DA:52,0
DA:53,0
DA:56,0
DA:58,0
DA:59,0
DA:60,0
DA:61,0
DA:63,0
DA:65,0
DA:66,0
DA:67,0
DA:68,0
DA:72,0
DA:73,0
DA:78,0
DA:79,0
DA:81,0
DA:82,0
DA:84,0
DA:85,0
DA:86,0
DA:88,0
DA:90,0
DA:91,0
DA:101,0
DA:102,0
DA:103,0
DA:104,0
DA:107,0
DA:108,0
DA:111,0
DA:112,0
LF:48
LH:0
end_of_record
SF:lib/common/pages/not_found.dart
DA:11,0
DA:16,0
DA:18,0
DA:19,0
DA:20,0
DA:21,0
DA:22,0
DA:23,0
DA:24,0
DA:27,0
DA:29,0
DA:30,0
DA:32,0
DA:34,0
DA:35,0
DA:38,0
DA:40,0
DA:43,0
DA:45,0
LF:19
LH:0
end_of_record
SF:lib/features/bug_report/actions/open_bug_report.dart
DA:9,0
DA:13,0
DA:22,0
DA:23,0
DA:25,0
DA:26,0
DA:28,0
DA:31,0
DA:33,0
DA:34,0
DA:38,0
DA:39,0
LF:12
LH:0
end_of_record
SF:lib/common/providers/app_state_provider.dart
DA:4,0
DA:5,0
DA:7,0
DA:8,0
DA:9,0
LF:5
LH:0
end_of_record
SF:lib/features/home/providers/client_providers.dart
DA:8,0
DA:11,0
DA:12,0
DA:15,3
DA:16,0
DA:18,0
DA:23,0
DA:24,0
DA:25,0
DA:28,0
DA:29,0
LF:11
LH:1
end_of_record
SF:lib/common/providers/notifiers/notification_settings_notifier.dart
DA:9,0
DA:16,0
DA:18,0
DA:19,0
DA:20,0
DA:21,0
DA:22,0
DA:25,0
DA:26,0
DA:29,0
DA:30,0
DA:32,0
DA:33,0
DA:36,0
LF:14
LH:0
end_of_record
SF:lib/common/providers/keyboard_visbility_provider.dart
DA:5,0
DA:7,0
DA:8,0
DA:9,0
DA:11,0
DA:12,0
LF:6
LH:0
end_of_record
SF:lib/common/providers/network_provider.dart
DA:4,0
DA:5,0
DA:6,0
DA:7,0
DA:8,0
DA:14,0
DA:15,0
DA:16,0
DA:20,0
DA:21,0
DA:22,0
LF:11
LH:0
end_of_record
SF:lib/common/providers/notifiers/reactions_notifiers.dart
DA:7,0
DA:14,0
DA:16,0
DA:17,0
DA:18,0
DA:19,0
DA:20,0
DA:21,0
DA:22,0
DA:24,0
DA:25,0
DA:27,0
DA:28,0
DA:31,0
LF:14
LH:0
end_of_record
SF:lib/common/providers/notifiers/relations_notifier.dart
DA:11,0
DA:15,0
DA:16,0
DA:19,0
DA:21,0
DA:22,0
DA:23,0
DA:33,0
DA:37,0
DA:38,0
DA:41,0
DA:43,0
DA:44,0
DA:45,0
LF:14
LH:0
end_of_record
SF:lib/common/providers/notifiers/space_notifiers.dart
DA:9,0
DA:15,0
DA:16,0
DA:19,0
DA:21,0
DA:22,0
DA:23,0
DA:24,0
DA:25,0
DA:26,0
DA:28,0
DA:29,0
DA:31,0
DA:32,0
DA:35,0
DA:36,0
DA:46,0
DA:49,0
DA:50,0
DA:53,0
DA:54,0
DA:55,0
DA:56,0
DA:57,0
DA:58,0
DA:60,0
DA:61,0
DA:64,0
DA:67,0
DA:69,0
DA:70,0
DA:71,0
DA:72,0
DA:74,0
DA:77,0
DA:78,0
DA:79,0
DA:81,0
DA:82,0
DA:84,0
DA:87,0
DA:89,0
DA:92,0
DA:93,0
DA:94,0
DA:96,0
DA:97,0
DA:99,0
DA:102,0
DA:104,0
DA:107,0
DA:108,0
DA:109,0
DA:111,0
DA:112,0
DA:114,0
DA:117,0
DA:118,0
DA:119,0
DA:121,0
DA:122,0
DA:124,0
DA:127,0
DA:128,0
DA:129,0
DA:131,0
DA:132,0
DA:134,0
DA:137,0
DA:138,0
DA:139,0
DA:141,0
DA:142,0
DA:143,0
DA:144,0
DA:146,0
DA:147,0
DA:148,0
DA:149,0
DA:151,0
DA:152,0
DA:154,0
DA:155,0
DA:157,0
DA:160,0
DA:162,0
DA:163,0
DA:165,0
DA:168,0
DA:169,0
LF:90
LH:0
end_of_record
SF:lib/common/providers/notifiers/sync_notifier.dart
DA:21,0
DA:22,0
DA:23,0
DA:26,0
DA:31,0
DA:34,0
DA:35,0
DA:36,0
DA:37,0
DA:40,0
DA:44,0
DA:45,0
DA:46,0
DA:47,0
DA:48,0
DA:51,0
DA:52,0
DA:54,0
DA:55,0
DA:59,0
DA:61,0
DA:62,0
DA:63,0
DA:64,0
DA:66,0
DA:68,0
DA:69,0
DA:72,0
DA:78,0
DA:79,0
DA:85,0
LF:31
LH:0
end_of_record
SF:lib/common/providers/reactions_providers.dart
DA:6,0
DA:8,0
LF:2
LH:0
end_of_record
SF:lib/common/skeletons/general_list_skeleton_widget.dart
DA:7,24
DA:9,0
DA:11,0
DA:14,0
DA:15,0
DA:16,0
DA:20,0
DA:21,0
DA:22,0
DA:24,0
DA:25,0
DA:26,0
DA:32,0
DA:33,0
DA:35,0
DA:36,0
DA:37,0
LF:17
LH:1
end_of_record
SF:lib/common/themes/chat_theme.dart
DA:7,12
LF:1
LH:1
end_of_record
SF:lib/common/themes/colors/color_scheme.dart
DA:4,18
DA:5,18
DA:8,27
DA:9,18
DA:10,18
DA:13,18
DA:15,27
DA:18,9
DA:19,9
DA:22,9
DA:23,9
DA:26,9
DA:27,9
DA:30,9
DA:31,9
DA:34,9
DA:35,9
DA:40,0
DA:42,0
DA:45,0
DA:48,0
DA:50,1
DA:52,0
LF:23
LH:18
end_of_record
SF:lib/common/themes/components/bottom_sheet_theme.dart
DA:4,27
DA:5,9
DA:6,9
DA:7,9
LF:4
LH:4
end_of_record
SF:lib/common/themes/components/button_theme.dart
DA:4,9
DA:5,9
DA:6,9
DA:9,9
DA:11,9
DA:12,9
DA:17,0
DA:18,0
DA:19,0
DA:22,0
DA:24,0
DA:25,0
DA:30,1
DA:31,1
DA:32,1
DA:41,27
DA:42,9
DA:44,9
DA:45,9
DA:52,18
DA:53,9
DA:55,9
DA:56,9
DA:59,27
DA:60,9
DA:61,18
DA:62,18
LF:27
LH:21
end_of_record
SF:lib/common/themes/components/card_theme.dart
DA:4,27
DA:5,9
LF:2
LH:2
end_of_record
SF:lib/common/themes/components/dialog_theme.dart
DA:4,27
DA:6,9
DA:8,9
DA:10,9
LF:4
LH:4
end_of_record
SF:lib/common/themes/components/divider_theme.dart
DA:3,18
LF:1
LH:1
end_of_record
SF:lib/common/themes/components/input_decoration_theme.dart
DA:4,27
DA:5,9
DA:7,9
DA:11,9
DA:13,9
DA:17,9
DA:19,9
DA:21,9
DA:23,9
DA:27,9
DA:29,9
DA:33,9
LF:12
LH:12
end_of_record
SF:lib/common/themes/components/list_tile_Theme.dart
DA:3,18
LF:1
LH:1
end_of_record
SF:lib/common/themes/components/navigationbar_theme.dart
DA:4,27
DA:5,9
DA:25,27
DA:26,9
DA:27,9
LF:5
LH:5
end_of_record
SF:lib/common/themes/components/progress_indicator_theme.dart
DA:3,18
LF:1
LH:1
end_of_record
SF:lib/common/themes/components/text_theme.dart
DA:3,18
LF:1
LH:1
end_of_record
SF:lib/common/themes/app_theme.dart
DA:8,3
DA:10,0
DA:11,0
DA:12,0
DA:13,0
DA:17,0
DA:18,0
DA:19,0
DA:20,0
DA:21,0
DA:27,0
DA:29,0
DA:32,0
DA:33,0
DA:34,0
DA:35,0
LF:16
LH:1
end_of_record
SF:lib/common/toolkit/buttons/inline_text_button.dart
DA:12,1
DA:26,0
DA:38,0
DA:47,0
DA:54,1
DA:56,3
DA:57,0
DA:66,0
DA:71,0
DA:73,0
DA:74,0
DA:76,0
LF:12
LH:3
end_of_record
SF:lib/common/toolkit/buttons/room_chip.dart
DA:12,0
DA:14,0
DA:17,0
DA:18,0
DA:19,0
DA:20,0
DA:21,0
DA:22,0
DA:23,0
DA:24,0
DA:25,0
DA:29,0
DA:30,0
DA:31,0
LF:14
LH:0
end_of_record
SF:lib/features/chat/utils.dart
DA:19,2
DA:20,1
DA:22,0
DA:23,0
DA:24,0
DA:25,0
DA:26,0
DA:27,0
DA:28,0
DA:29,0
DA:30,0
DA:31,0
DA:32,0
DA:33,0
DA:34,0
DA:35,0
DA:36,0
DA:37,0
DA:38,0
DA:39,0
DA:40,0
DA:41,0
DA:42,0
DA:43,0
DA:44,0
DA:46,0
DA:47,0
DA:48,0
DA:52,0
DA:53,0
DA:54,0
DA:55,0
DA:56,0
DA:59,0
DA:60,0
DA:61,0
DA:64,0
DA:66,0
DA:77,1
DA:84,0
DA:85,0
DA:89,0
DA:90,0
DA:91,0
DA:96,1
DA:105,2
DA:107,2
DA:111,1
DA:112,1
DA:113,1
DA:116,1
DA:119,2
DA:121,1
DA:128,1
DA:129,2
DA:132,1
DA:136,1
DA:140,1
DA:141,1
DA:144,2
DA:147,1
DA:157,0
DA:163,0
DA:164,0
DA:167,0
DA:169,0
DA:170,0
DA:174,0
DA:180,0
DA:184,0
DA:189,0
DA:198,0
DA:199,0
DA:200,0
DA:203,0
DA:207,0
DA:208,0
DA:210,0
DA:211,0
DA:212,0
DA:213,0
DA:214,0
DA:217,0
DA:220,0
DA:223,0
DA:232,0
DA:237,0
DA:239,0
DA:243,0
DA:245,0
DA:246,0
DA:247,0
DA:251,1
DA:252,1
DA:254,2
DA:256,1
DA:258,2
DA:261,1
DA:263,1
DA:265,0
DA:266,0
DA:270,1
DA:271,2
DA:277,0
DA:283,0
DA:284,0
DA:286,0
DA:287,0
DA:290,0
DA:293,0
DA:294,0
DA:295,0
DA:302,0
DA:305,0
DA:306,0
DA:307,0
DA:309,0
DA:311,0
DA:312,0
DA:321,0
DA:323,0
DA:326,0
DA:331,0
DA:334,0
DA:335,0
DA:340,1
DA:342,4
DA:343,4
DA:344,3
DA:345,1
DA:347,1
DA:348,0
DA:349,0
DA:350,0
DA:351,0
DA:352,0
DA:360,3
DA:361,1
DA:362,1
DA:363,1
DA:364,1
DA:367,1
DA:372,0
DA:373,0
DA:377,0
DA:383,0
LF:146
LH:41
end_of_record
SF:lib/common/toolkit/buttons/user_chip.dart
DA:12,0
DA:18,0
DA:20,0
DA:21,0
DA:23,0
DA:24,0
DA:25,0
DA:26,0
DA:27,0
DA:28,0
DA:33,0
DA:34,0
DA:35,0
DA:37,0
DA:38,0
LF:15
LH:0
end_of_record
SF:lib/features/member/dialogs/show_member_info_drawer.dart
DA:6,0
DA:13,0
DA:20,0
LF:3
LH:0
end_of_record
SF:lib/common/toolkit/errors/error_dialog.dart
DA:27,5
DA:39,1
DA:57,1
DA:59,2
DA:72,5
DA:74,5
DA:76,5
DA:77,10
DA:79,5
DA:83,5
DA:84,5
DA:85,5
DA:86,10
DA:87,5
DA:88,5
DA:90,5
DA:91,5
DA:93,27
DA:95,5
DA:100,5
DA:101,5
DA:103,15
DA:104,5
DA:105,10
DA:106,10
DA:107,5
DA:110,5
DA:111,5
DA:112,5
DA:114,5
DA:124,5
DA:131,5
DA:133,10
DA:136,5
DA:138,5
DA:139,5
DA:142,5
DA:143,5
DA:145,5
DA:148,5
DA:149,15
DA:150,0
DA:151,0
DA:152,0
DA:154,0
DA:155,0
DA:157,0
DA:170,5
DA:172,5
DA:179,5
DA:181,5
DA:184,5
DA:186,5
DA:189,5
DA:194,5
DA:196,5
DA:197,5
DA:199,10
DA:200,0
DA:202,5
DA:203,5
DA:211,5
DA:215,5
DA:217,5
LF:64
LH:57
end_of_record
SF:lib/common/toolkit/errors/util.dart
DA:5,5
DA:6,5
DA:8,5
LF:3
LH:3
end_of_record
SF:lib/features/bug_report/providers/bug_report_providers.dart
DA:5,0
LF:1
LH:0
end_of_record
SF:lib/common/toolkit/errors/error_page.dart
DA:23,4
DA:36,4
DA:38,4
DA:39,4
DA:40,4
DA:41,4
DA:43,4
DA:44,4
DA:45,4
DA:46,4
DA:47,4
DA:48,4
DA:49,4
DA:50,4
LF:14
LH:14
end_of_record
SF:lib/common/toolkit/errors/inline_error_button.dart
DA:23,0
DA:35,1
DA:37,4
DA:38,0
DA:39,0
DA:41,0
DA:42,0
DA:43,0
DA:44,0
DA:45,0
DA:46,0
DA:47,0
DA:48,0
DA:49,0
DA:52,0
DA:54,0
DA:58,1
DA:70,1
DA:71,1
DA:73,2
DA:75,1
DA:76,1
DA:77,1
DA:78,1
DA:79,1
DA:80,2
DA:81,2
DA:82,1
DA:83,1
DA:86,1
LF:30
LH:16
end_of_record
SF:lib/common/toolkit/menu_item_widget.dart
DA:17,0
DA:32,0
DA:34,0
DA:35,0
DA:36,0
DA:37,0
DA:38,0
DA:39,0
DA:40,0
DA:42,0
DA:45,0
DA:46,0
DA:47,0
DA:48,0
DA:51,0
DA:52,0
DA:54,0
DA:55,0
DA:59,0
DA:60,0
LF:20
LH:0
end_of_record
SF:lib/common/tutorial_dialogs/bottom_navigation_tutorials/bottom_navigation_tutorials.dart
DA:10,0
DA:11,0
DA:12,0
DA:13,0
DA:14,0
DA:18,0
DA:19,0
DA:20,0
DA:21,0
DA:25,0
DA:26,0
DA:29,0
DA:30,0
DA:31,0
DA:32,0
DA:34,0
DA:35,0
DA:37,0
DA:38,0
DA:39,0
DA:41,0
DA:42,0
DA:43,0
DA:44,0
DA:47,0
DA:48,0
DA:50,0
DA:51,0
DA:53,0
DA:54,0
DA:57,0
DA:58,0
DA:60,0
DA:63,0
DA:64,0
DA:66,0
DA:68,0
DA:69,0
DA:71,0
DA:72,0
DA:74,0
DA:76,0
DA:77,0
DA:79,0
DA:80,0
DA:82,0
DA:84,0
DA:85,0
DA:87,0
DA:88,0
LF:50
LH:0
end_of_record
SF:lib/common/tutorial_dialogs/show_tutorials.dart
DA:4,0
DA:11,0
DA:17,0
LF:3
LH:0
end_of_record
SF:lib/common/tutorial_dialogs/space_overview_tutorials/create_or_join_space_tutorials.dart
DA:8,0
DA:9,0
DA:13,0
DA:14,0
DA:15,0
DA:16,0
DA:20,0
DA:21,0
DA:22,0
DA:23,0
DA:25,0
DA:26,0
DA:29,0
DA:30,0
DA:31,0
DA:34,0
DA:35,0
DA:37,0
DA:40,0
DA:41,0
DA:44,0
DA:46,0
DA:49,0
DA:50,0
LF:24
LH:0
end_of_record
SF:lib/common/tutorial_dialogs/target_focus.dart
DA:6,0
DA:21,0
DA:27,0
DA:28,0
DA:30,0
DA:31,0
DA:32,0
DA:35,0
DA:37,0
DA:44,0
DA:49,0
DA:50,0
DA:52,0
DA:54,0
DA:56,0
DA:58,0
DA:59,0
DA:61,0
DA:63,0
DA:64,0
DA:65,0
DA:68,0
DA:69,0
DA:70,0
DA:71,0
LF:25
LH:0
end_of_record
SF:lib/common/utils/constants.dart
DA:39,0
DA:51,0
DA:57,0
DA:58,0
DA:59,0
DA:60,0
DA:61,0
DA:62,0
DA:63,0
DA:64,0
DA:65,0
LF:11
LH:0
end_of_record
SF:lib/config/env.g.dart
DA:7,0
LF:1
LH:0
end_of_record
SF:lib/common/utils/device.dart
DA:4,0
DA:6,0
DA:7,0
DA:8,0
DA:9,0
DA:10,0
DA:11,0
DA:12,0
LF:8
LH:0
end_of_record
SF:lib/common/utils/feature_flagger.dart
DA:6,0
DA:9,0
DA:12,0
DA:17,0
DA:18,0
DA:23,0
DA:27,0
DA:28,0
DA:29,0
DA:31,0
DA:32,0
DA:33,0
DA:37,0
DA:45,0
DA:47,0
DA:48,0
DA:49,0
DA:50,0
DA:60,0
DA:62,0
DA:64,0
DA:65,0
DA:66,0
DA:67,0
DA:70,0
DA:73,0
DA:74,0
DA:75,0
DA:76,0
DA:77,0
DA:79,0
DA:80,0
LF:32
LH:0
end_of_record
SF:lib/common/utils/main.dart
DA:7,0
DA:8,0
DA:9,0
DA:14,0
DA:15,0
DA:16,0
DA:17,0
DA:20,0
DA:21,0
LF:9
LH:0
end_of_record
SF:lib/features/files/actions/pick_avatar.dart
DA:6,0
DA:7,0
DA:8,0
DA:9,0
LF:4
LH:0
end_of_record
SF:lib/common/utils/validation_utils.dart
DA:4,0
DA:5,0
DA:6,0
DA:9,0
DA:10,0
LF:5
LH:0
end_of_record
SF:lib/common/widgets/acter_icon_picker/acter_icon_widget.dart
DA:12,2
DA:20,2
DA:21,2
DA:28,2
DA:29,12
DA:30,12
DA:33,2
DA:35,2
DA:36,2
DA:39,2
DA:41,2
DA:42,2
DA:45,2
DA:47,2
DA:48,2
DA:49,6
DA:50,0
DA:51,0
DA:53,0
DA:54,0
DA:55,0
DA:56,0
DA:57,0
DA:58,0
DA:63,2
DA:67,2
DA:68,2
DA:69,2
DA:70,4
DA:71,2
DA:72,4
DA:73,2
DA:74,4
LF:33
LH:25
end_of_record
SF:lib/common/widgets/acter_icon_picker/model/acter_icons.dart
DA:149,2
DA:150,4
DA:152,1
DA:153,1
DA:155,0
DA:156,0
DA:158,1
DA:159,1
LF:8
LH:6
end_of_record
SF:lib/common/widgets/acter_icon_picker/picker/acter_icon_picker.dart
DA:8,0
DA:14,0
DA:20,0
DA:21,0
DA:35,0
DA:42,0
DA:43,0
DA:50,0
DA:51,0
DA:52,0
DA:55,0
DA:57,0
DA:58,0
DA:61,0
DA:63,0
DA:64,0
DA:67,0
DA:69,0
DA:74,0
DA:76,0
DA:77,0
DA:79,0
DA:81,0
DA:82,0
DA:83,0
DA:84,0
DA:85,0
DA:87,0
DA:89,0
DA:96,0
DA:97,0
DA:98,0
DA:99,0
DA:100,0
DA:101,0
DA:102,0
DA:103,0
DA:104,0
DA:106,0
DA:107,0
DA:119,0
DA:121,0
DA:122,0
DA:124,0
DA:125,0
DA:127,0
DA:132,0
DA:133,0
DA:134,0
DA:135,0
DA:136,0
DA:137,0
DA:138,0
DA:139,0
DA:144,0
DA:146,0
DA:147,0
DA:157,0
DA:159,0
DA:160,0
DA:161,0
DA:163,0
DA:164,0
DA:166,0
DA:167,0
DA:168,0
DA:175,0
DA:176,0
DA:177,0
DA:178,0
DA:179,0
DA:180,0
DA:181,0
DA:182,0
DA:187,0
DA:189,0
DA:190,0
DA:194,0
LF:78
LH:0
end_of_record
SF:lib/common/widgets/acter_icon_picker/model/color_data.dart
DA:3,6
LF:1
LH:1
end_of_record
SF:lib/common/widgets/acter_video_player.dart
DA:12,0
DA:19,0
DA:20,0
DA:36,0
DA:38,0
DA:39,0
DA:42,0
DA:44,0
DA:45,0
DA:48,0
DA:49,0
DA:50,0
DA:51,0
DA:53,0
DA:54,0
DA:56,0
DA:59,0
DA:61,0
DA:62,0
DA:65,0
DA:66,0
DA:67,0
DA:69,0
DA:70,0
DA:71,0
DA:77,0
DA:78,0
DA:79,0
DA:80,0
DA:81,0
DA:82,0
DA:83,0
DA:85,0
DA:87,0
DA:88,0
DA:99,0
DA:100,0
DA:103,0
DA:105,0
DA:107,0
DA:108,0
DA:111,0
DA:118,0
DA:119,0
DA:120,0
DA:121,0
DA:126,0
DA:127,0
DA:129,0
DA:130,0
DA:131,0
DA:132,0
DA:133,0
DA:135,0
DA:136,0
DA:137,0
DA:138,0
DA:141,0
DA:149,0
LF:59
LH:0
end_of_record
SF:lib/common/widgets/add_button_with_can_permission.dart
DA:12,3
DA:19,3
DA:21,9
DA:23,9
DA:24,3
DA:27,9
DA:29,12
DA:30,3
DA:33,0
DA:36,0
DA:39,0
DA:40,0
DA:41,0
DA:43,0
DA:44,0
DA:49,0
DA:50,0
LF:17
LH:8
end_of_record
SF:lib/common/widgets/avatar/full_screen_avatar_page.dart
DA:11,0
DA:13,0
DA:15,0
DA:16,0
DA:17,0
DA:21,0
DA:22,0
DA:23,0
DA:24,0
DA:25,0
DA:28,0
DA:29,0
DA:30,0
DA:31,0
DA:38,0
DA:39,0
DA:40,0
DA:41,0
DA:42,0
DA:43,0
DA:44,0
DA:45,0
LF:22
LH:0
end_of_record
SF:lib/common/widgets/blinking_text.dart
DA:27,0
DA:130,0
DA:131,0
DA:142,0
DA:144,0
DA:146,0
DA:149,0
DA:150,0
DA:152,0
DA:153,0
DA:154,0
DA:158,0
DA:159,0
DA:161,0
DA:162,0
DA:163,0
DA:165,0
DA:166,0
DA:167,0
DA:168,0
DA:169,0
DA:170,0
DA:172,0
DA:173,0
DA:175,0
DA:178,0
DA:181,0
DA:182,0
DA:184,0
DA:186,0
DA:187,0
DA:190,0
DA:191,0
DA:192,0
DA:193,0
DA:194,0
DA:195,0
DA:196,0
DA:197,0
DA:198,0
DA:199,0
DA:201,0
DA:205,0
DA:207,0
DA:208,0
DA:209,0
DA:210,0
DA:211,0
DA:214,0
DA:215,0
DA:216,0
DA:217,0
LF:52
LH:0
end_of_record
SF:lib/common/widgets/chat/chat_selector_drawer.dart
DA:7,0
DA:14,0
DA:19,0
DA:22,0
DA:31,0
LF:5
LH:0
end_of_record
SF:lib/common/widgets/room/select_room_drawer.dart
DA:14,0
DA:29,0
DA:38,0
DA:40,0
DA:42,0
DA:43,0
DA:44,0
DA:45,0
DA:51,0
DA:53,0
DA:55,0
DA:56,0
DA:60,0
DA:61,0
DA:62,0
DA:64,0
DA:65,0
DA:67,0
DA:68,0
DA:71,0
DA:72,0
DA:79,0
DA:80,0
DA:83,0
DA:84,0
DA:85,0
DA:87,0
DA:88,0
DA:90,0
DA:96,0
DA:97,0
DA:98,0
DA:99,0
DA:100,0
DA:101,0
DA:102,0
DA:103,0
DA:104,0
DA:105,0
DA:106,0
DA:110,0
DA:111,0
DA:112,0
DA:113,0
DA:116,0
DA:120,0
DA:121,0
DA:122,0
DA:123,0
DA:125,0
DA:126,0
DA:127,0
DA:128,0
DA:129,0
DA:131,0
DA:134,0
DA:136,0
DA:140,0
DA:141,0
DA:142,0
DA:143,0
DA:149,0
DA:150,0
DA:152,0
DA:153,0
DA:154,0
DA:155,0
DA:156,0
DA:157,0
DA:158,0
DA:159,0
DA:160,0
LF:72
LH:0
end_of_record
SF:lib/common/widgets/chat/edit_room_description_sheet.dart
DA:10,0
DA:12,0
DA:17,0
DA:23,0
DA:24,0
DA:33,0
DA:39,0
DA:41,0
DA:48,0
DA:50,0
DA:51,0
DA:54,0
DA:56,0
DA:57,0
DA:58,0
DA:60,0
DA:61,0
DA:63,0
DA:65,0
DA:68,0
DA:71,0
DA:74,0
DA:76,0
DA:77,0
DA:78,0
DA:79,0
DA:82,0
DA:83,0
DA:84,0
DA:94,0
DA:95,0
DA:96,0
DA:97,0
DA:100,0
DA:103,0
DA:104,0
DA:106,0
DA:108,0
DA:109,0
DA:110,0
DA:111,0
DA:113,0
DA:114,0
DA:115,0
DA:118,0
DA:119,0
LF:46
LH:0
end_of_record
SF:lib/common/widgets/checkbox_form_field.dart
DA:5,0
DA:12,0
DA:13,0
DA:14,0
DA:15,0
DA:17,0
DA:18,0
DA:19,0
DA:21,0
DA:24,0
DA:25,0
DA:26,0
DA:27,0
DA:28,0
DA:29,0
LF:15
LH:0
end_of_record
SF:lib/common/widgets/default_bottom_sheet.dart
DA:12,0
DA:21,0
DA:23,0
DA:24,0
DA:25,0
DA:26,0
DA:27,0
DA:28,0
DA:29,0
DA:30,0
DA:34,0
DA:35,0
DA:37,0
DA:39,0
DA:40,0
DA:42,0
DA:43,0
DA:45,0
DA:46,0
DA:48,0
DA:49,0
DA:50,0
LF:22
LH:0
end_of_record
SF:lib/common/widgets/default_page_header.dart
DA:13,0
DA:23,0
DA:25,0
DA:26,0
DA:28,0
DA:29,0
DA:30,0
DA:31,0
DA:32,0
DA:33,0
DA:34,0
DA:39,0
DA:40,0
DA:42,0
DA:43,0
DA:44,0
DA:47,0
DA:48,0
DA:51,0
DA:52,0
DA:53,0
DA:59,0
DA:61,0
LF:23
LH:0
end_of_record
SF:lib/common/widgets/dialog_page.dart
DA:13,0
DA:28,0
DA:30,0
DA:33,0
DA:34,0
DA:36,0
DA:38,0
DA:39,0
DA:43,0
DA:47,0
DA:49,0
DA:50,0
DA:51,0
DA:52,0
DA:53,0
DA:54,0
LF:16
LH:0
end_of_record
SF:lib/common/widgets/dotted_border_widget.dart
DA:7,0
DA:9,0
DA:11,0
DA:12,0
DA:17,0
LF:5
LH:0
end_of_record
SF:lib/common/widgets/edit_html_description_sheet.dart
DA:9,0
DA:16,0
DA:22,0
DA:23,0
DA:39,0
DA:47,0
DA:49,0
DA:56,0
DA:58,0
DA:59,0
DA:60,0
DA:61,0
DA:63,0
DA:64,0
DA:68,0
DA:70,0
DA:71,0
DA:72,0
DA:73,0
DA:75,0
DA:76,0
DA:78,0
DA:80,0
DA:81,0
DA:82,0
DA:84,0
DA:85,0
DA:91,0
DA:93,0
DA:94,0
DA:95,0
DA:96,0
DA:99,0
DA:100,0
DA:102,0
DA:103,0
DA:104,0
DA:105,0
DA:106,0
DA:110,0
DA:112,0
LF:41
LH:0
end_of_record
SF:lib/common/widgets/html_editor.dart
DA:11,0
DA:13,0
DA:24,0
DA:40,0
DA:43,0
DA:46,0
DA:49,0
DA:54,0
DA:58,0
DA:62,0
DA:63,0
DA:69,0
DA:73,0
DA:76,0
DA:82,0
DA:88,0
DA:91,0
DA:92,0
DA:93,0
DA:94,0
DA:116,0
DA:131,0
DA:132,0
DA:142,0
DA:144,0
DA:145,0
DA:148,0
DA:149,0
DA:150,0
DA:152,0
DA:153,0
DA:154,0
DA:155,0
DA:162,0
DA:163,0
DA:164,0
DA:167,0
DA:168,0
DA:169,0
DA:170,0
DA:171,0
DA:172,0
DA:174,0
DA:175,0
DA:182,0
DA:184,0
DA:185,0
DA:186,0
DA:190,0
DA:192,0
DA:193,0
DA:196,0
DA:197,0
DA:198,0
DA:199,0
DA:202,0
DA:204,0
DA:205,0
DA:208,0
DA:209,0
DA:210,0
DA:212,0
DA:214,0
DA:215,0
DA:216,0
DA:218,0
DA:223,0
DA:228,0
DA:229,0
DA:230,0
DA:232,0
DA:238,0
DA:239,0
DA:241,0
DA:250,0
DA:251,0
DA:252,0
DA:253,0
DA:254,0
DA:255,0
DA:256,0
DA:257,0
DA:258,0
DA:259,0
DA:260,0
DA:262,0
DA:263,0
DA:264,0
DA:265,0
DA:266,0
DA:267,0
DA:269,0
DA:270,0
DA:271,0
DA:273,0
DA:274,0
DA:275,0
DA:276,0
DA:278,0
DA:279,0
DA:280,0
DA:281,0
DA:287,0
DA:288,0
DA:289,0
DA:290,0
DA:291,0
DA:292,0
DA:294,0
DA:295,0
DA:296,0
DA:297,0
DA:299,0
DA:300,0
DA:301,0
DA:302,0
DA:303,0
DA:304,0
DA:306,0
DA:307,0
DA:308,0
DA:310,0
DA:311,0
DA:312,0
DA:317,0
DA:322,0
DA:324,0
DA:325,0
DA:326,0
DA:327,0
DA:329,0
DA:330,0
DA:331,0
DA:332,0
DA:338,0
DA:339,0
DA:340,0
DA:341,0
DA:342,0
DA:343,0
DA:344,0
DA:345,0
DA:350,0
DA:351,0
DA:352,0
DA:353,0
DA:354,0
DA:355,0
DA:356,0
DA:357,0
LF:150
LH:0
end_of_record
SF:lib/common/widgets/edit_plain_description_sheet.dart
DA:5,0
DA:10,0
DA:15,0
DA:16,0
DA:28,0
DA:34,0
DA:36,0
DA:42,0
DA:44,0
DA:45,0
DA:48,0
DA:50,0
DA:51,0
DA:52,0
DA:54,0
DA:55,0
DA:56,0
DA:58,0
DA:61,0
DA:65,0
DA:68,0
DA:70,0
DA:71,0
DA:72,0
DA:73,0
DA:76,0
DA:77,0
DA:78,0
DA:80,0
DA:81,0
DA:86,0
DA:88,0
LF:32
LH:0
end_of_record
SF:lib/common/widgets/edit_title_sheet.dart
DA:6,0
DA:12,0
DA:17,0
DA:18,0
DA:32,0
DA:39,0
DA:40,0
DA:46,0
DA:48,0
DA:49,0
DA:52,0
DA:54,0
DA:55,0
DA:56,0
DA:57,0
DA:59,0
DA:60,0
DA:61,0
DA:63,0
DA:66,0
DA:69,0
DA:73,0
DA:76,0
DA:78,0
DA:79,0
DA:80,0
DA:81,0
DA:84,0
DA:85,0
DA:87,0
DA:88,0
DA:89,0
DA:94,0
DA:96,0
LF:34
LH:0
end_of_record
SF:lib/common/widgets/emoji_picker_widget.dart
DA:17,0
DA:26,0
DA:29,0
DA:31,0
DA:32,0
DA:34,0
DA:35,0
DA:37,0
DA:39,0
DA:40,0
DA:41,0
DA:44,0
DA:45,0
DA:46,0
DA:48,0
DA:49,0
DA:50,0
DA:51,0
DA:53,0
DA:54,0
DA:58,0
DA:61,0
DA:62,0
DA:65,0
DA:66,0
DA:67,0
DA:73,0
DA:74,0
DA:75,0
DA:79,0
DA:81,0
DA:84,0
DA:85,0
DA:86,0
DA:87,0
DA:88,0
DA:97,0
DA:98,0
DA:107,0
DA:114,0
DA:116,0
DA:117,0
DA:118,0
DA:119,0
DA:121,0
DA:122,0
DA:123,0
DA:125,0
DA:126,0
DA:135,0
DA:136,0
DA:137,0
DA:138,0
DA:140,0
DA:141,0
DA:142,0
DA:153,0
DA:160,0
DA:161,0
DA:166,0
DA:168,0
DA:169,0
DA:171,0
DA:173,0
DA:175,0
DA:176,0
DA:177,0
DA:179,0
DA:180,0
DA:182,0
DA:183,0
DA:184,0
DA:187,0
DA:195,0
DA:196,0
DA:197,0
DA:198,0
DA:201,0
DA:202,0
DA:203,0
DA:204,0
DA:211,0
DA:212,0
DA:213,0
DA:215,0
DA:216,0
DA:221,0
DA:222,0
DA:223,0
DA:224,0
DA:225,0
DA:227,0
DA:232,0
DA:233,0
DA:234,0
DA:235,0
DA:236,0
DA:237,0
DA:239,0
DA:240,0
LF:100
LH:0
end_of_record
SF:lib/common/widgets/empty_state_widget.dart
DA:13,3
DA:23,3
DA:25,3
DA:26,3
DA:27,3
DA:28,3
DA:29,3
DA:34,3
DA:35,3
DA:37,3
DA:38,3
DA:39,3
DA:40,6
DA:41,3
DA:42,3
DA:46,3
DA:48,9
DA:50,3
DA:52,3
DA:55,9
DA:57,3
DA:58,0
DA:59,3
DA:60,0
LF:24
LH:22
end_of_record
SF:lib/common/widgets/event/event_selector_drawer.dart
DA:10,0
DA:14,0
DA:20,0
DA:25,0
DA:26,0
DA:27,0
DA:28,0
DA:29,0
DA:34,0
DA:35,0
DA:37,0
DA:38,0
DA:39,0
DA:42,0
DA:44,0
DA:45,0
DA:52,0
DA:53,0
DA:54,0
DA:59,0
DA:61,0
DA:62,0
DA:63,0
DA:65,0
DA:66,0
DA:73,0
DA:74,0
DA:75,0
DA:76,0
DA:79,0
DA:87,0
LF:31
LH:0
end_of_record
SF:lib/features/events/providers/event_providers.dart
DA:11,2
DA:12,2
DA:13,0
DA:17,2
DA:18,2
DA:19,0
DA:24,0
DA:26,0
DA:30,0
DA:31,0
DA:32,0
DA:34,0
DA:35,0
DA:36,0
DA:37,0
DA:38,0
DA:42,0
DA:43,0
DA:44,0
DA:46,0
DA:47,0
DA:48,0
DA:52,0
DA:53,0
DA:55,0
DA:56,0
DA:57,0
DA:59,0
DA:60,0
DA:61,0
DA:68,0
DA:69,0
DA:70,0
DA:72,0
DA:73,0
DA:74,0
DA:78,0
DA:79,0
DA:81,0
DA:82,0
DA:83,0
DA:85,0
DA:86,0
DA:87,0
DA:94,0
DA:95,0
DA:96,0
DA:98,0
DA:99,0
DA:100,0
DA:104,0
DA:105,0
DA:107,0
DA:108,0
DA:109,0
DA:111,0
DA:112,0
DA:113,0
DA:128,2
DA:129,2
DA:134,2
DA:135,2
DA:136,0
DA:138,0
DA:141,0
DA:143,0
DA:146,0
DA:149,0
DA:152,0
DA:155,0
DA:158,0
DA:161,0
DA:164,0
DA:171,0
DA:173,0
DA:175,0
DA:178,0
DA:179,0
DA:180,0
DA:185,0
DA:186,0
DA:187,0
DA:189,0
DA:191,0
LF:84
LH:8
end_of_record
SF:lib/features/events/widgets/event_item.dart
DA:16,0
DA:25,0
DA:34,0
DA:36,0
DA:37,0
DA:38,0
DA:39,0
DA:42,0
DA:43,0
DA:44,0
DA:47,0
DA:49,0
DA:50,0
DA:51,0
DA:52,0
DA:54,0
DA:55,0
DA:56,0
DA:57,0
DA:60,0
DA:61,0
DA:62,0
DA:68,0
DA:69,0
DA:70,0
DA:71,0
DA:72,0
DA:81,0
DA:82,0
DA:83,0
DA:84,0
DA:90,0
DA:96,0
DA:97,0
DA:98,0
DA:99,0
DA:100,0
DA:101,0
DA:107,0
DA:108,0
DA:109,0
DA:110,0
DA:111,0
DA:112,0
DA:113,0
DA:114,0
DA:115,0
DA:118,0
DA:119,0
DA:120,0
DA:121,0
DA:122,0
DA:127,0
DA:128,0
DA:135,0
DA:137,0
DA:139,0
DA:141,0
DA:143,0
DA:145,0
DA:150,0
DA:151,0
DA:156,0
DA:157,0
DA:160,0
DA:161,0
DA:162,0
DA:164,0
LF:68
LH:0
end_of_record
SF:lib/features/events/widgets/skeletons/event_list_skeleton_widget.dart
DA:6,36
DA:8,1
DA:9,1
DA:13,1
DA:15,2
DA:18,1
DA:19,1
DA:20,1
DA:21,1
DA:22,1
DA:23,1
DA:28,1
DA:29,2
DA:30,1
DA:32,1
DA:33,1
DA:34,1
DA:40,1
DA:41,1
DA:43,1
DA:44,2
DA:45,2
DA:50,2
LF:23
LH:23
end_of_record
SF:lib/common/widgets/frost_effect.dart
DA:9,1
DA:15,1
DA:17,2
DA:18,1
DA:19,1
DA:20,1
DA:21,2
DA:22,1
DA:23,1
DA:27,1
LF:10
LH:10
end_of_record
SF:lib/common/widgets/icons/tasks_icon.dart
DA:8,12
DA:13,0
DA:15,0
DA:17,0
DA:19,0
DA:20,0
DA:21,0
DA:22,0
DA:23,0
LF:9
LH:1
end_of_record
SF:lib/common/widgets/image_dialog.dart
DA:12,0
DA:18,0
DA:20,0
DA:22,0
DA:23,0
DA:25,0
DA:26,0
DA:27,0
DA:31,0
DA:32,0
DA:33,0
DA:34,0
DA:39,0
DA:40,0
DA:41,0
DA:42,0
DA:43,0
DA:52,0
DA:59,0
DA:64,0
DA:65,0
LF:21
LH:0
end_of_record
SF:lib/features/files/widgets/share_file_button.dart
DA:9,0
DA:11,0
DA:13,0
DA:14,0
DA:15,0
LF:5
LH:0
end_of_record
SF:lib/common/widgets/like_button.dart
DA:6,0
DA:15,0
DA:24,0
DA:25,0
DA:34,0
DA:36,0
DA:38,0
DA:42,0
DA:44,0
DA:45,0
DA:46,0
DA:47,0
DA:48,0
DA:52,0
DA:53,0
DA:54,0
DA:58,0
DA:59,0
DA:60,0
DA:64,0
DA:65,0
DA:66,0
DA:71,0
DA:72,0
DA:75,0
DA:76,0
DA:77,0
DA:78,0
DA:79,0
DA:83,0
DA:84,0
DA:85,0
DA:90,0
DA:91,0
DA:94,0
DA:95,0
DA:96,0
DA:97,0
DA:98,0
DA:102,0
DA:103,0
DA:104,0
DA:109,0
DA:110,0
DA:114,0
DA:116,0
DA:117,0
DA:118,0
DA:119,0
DA:120,0
DA:121,0
DA:122,0
DA:123,0
DA:124,0
DA:126,0
DA:127,0
DA:128,0
DA:129,0
DA:130,0
DA:131,0
DA:132,0
DA:133,0
DA:135,0
DA:136,0
DA:140,0
DA:141,0
DA:142,0
DA:143,0
DA:145,0
DA:146,0
DA:149,0
DA:154,0
DA:155,0
DA:156,0
DA:160,0
DA:163,0
DA:165,0
DA:168,0
DA:170,0
DA:173,0
DA:175,0
DA:178,0
DA:185,0
DA:192,0
DA:204,0
DA:206,0
DA:211,0
DA:217,0
DA:219,0
DA:221,0
DA:222,0
DA:223,0
DA:224,0
LF:93
LH:0
end_of_record
SF:lib/common/widgets/no_internet.dart
DA:4,0
DA:5,0
LF:2
LH:0
end_of_record
SF:lib/common/widgets/plus_icon_widget.dart
DA:6,1
DA:11,1
DA:13,1
DA:14,1
DA:15,1
DA:17,1
DA:18,4
LF:7
LH:7
end_of_record
SF:lib/common/widgets/render_html.dart
DA:9,0
DA:15,0
DA:17,0
DA:18,0
DA:19,0
DA:21,0
DA:22,0
LF:7
LH:0
end_of_record
SF:lib/common/widgets/room/brief_room_list_entry.dart
DA:18,0
DA:30,0
DA:32,0
DA:33,0
DA:34,0
DA:35,0
DA:38,0
DA:39,0
DA:40,0
DA:43,0
DA:44,0
DA:46,0
DA:47,0
DA:50,0
DA:51,0
DA:53,0
LF:16
LH:0
end_of_record
SF:lib/common/widgets/room/room_avatar_builder.dart
DA:12,0
DA:19,0
DA:21,0
DA:22,0
DA:23,0
DA:25,0
DA:28,0
LF:7
LH:0
end_of_record
SF:lib/common/widgets/room/room_with_profile_card.dart
DA:84,2
DA:107,2
DA:110,6
DA:111,2
DA:113,2
DA:114,2
DA:115,2
DA:116,2
DA:118,4
DA:120,6
DA:121,2
DA:122,4
DA:126,2
DA:127,2
DA:128,2
DA:129,2
DA:130,2
DA:131,2
DA:132,2
DA:133,2
DA:134,2
DA:135,2
DA:136,2
DA:138,2
DA:141,2
DA:142,2
DA:145,2
DA:146,2
DA:150,2
DA:156,2
DA:157,2
DA:162,2
DA:163,2
DA:166,2
DA:167,2
DA:168,2
DA:171,2
DA:175,2
DA:177,0
DA:179,0
DA:180,0
DA:181,0
DA:183,0
DA:186,0
DA:187,0
DA:188,0
DA:192,2
LF:47
LH:39
end_of_record
SF:lib/common/widgets/room/room_hierarchy_card.dart
DA:81,2
DA:99,2
DA:101,4
DA:102,8
DA:103,6
DA:105,2
DA:108,2
DA:109,2
DA:110,2
DA:111,2
DA:112,2
DA:113,2
DA:115,2
LF:13
LH:13
end_of_record
SF:lib/common/widgets/room/room_hierarchy_join_button.dart
DA:14,2
DA:23,2
DA:25,2
DA:26,10
DA:27,0
DA:29,0
DA:30,0
DA:31,0
DA:34,2
DA:35,4
DA:36,0
DA:37,0
DA:38,0
DA:41,2
DA:42,0
DA:43,0
DA:44,0
DA:45,0
DA:48,0
DA:49,0
DA:50,0
DA:51,0
DA:54,0
DA:57,4
DA:58,2
DA:59,2
DA:60,0
DA:61,0
DA:64,0
DA:65,0
DA:66,0
DA:67,0
DA:70,4
DA:73,0
DA:74,0
DA:75,0
DA:76,0
LF:37
LH:11
end_of_record
SF:lib/features/room/actions/join_room.dart
DA:11,0
DA:13,0
DA:21,0
DA:22,0
DA:24,0
DA:25,0
DA:26,0
DA:30,0
DA:31,0
DA:32,0
DA:33,0
DA:36,0
DA:37,0
DA:38,0
DA:41,0
DA:42,0
LF:16
LH:0
end_of_record
SF:lib/common/widgets/room/room_hierarchy_options_menu.dart
DA:13,2
DA:20,2
DA:22,10
DA:23,2
DA:28,0
DA:30,0
DA:34,0
DA:35,0
DA:36,0
DA:37,0
DA:38,0
DA:41,0
DA:42,0
DA:43,0
DA:45,0
DA:46,0
DA:47,0
DA:49,0
DA:54,0
DA:55,0
DA:58,0
DA:59,0
DA:61,0
DA:62,0
DA:64,0
LF:25
LH:4
end_of_record
SF:lib/features/space/actions/set_child_room_suggested.dart
DA:6,0
DA:14,0
DA:15,0
LF:3
LH:0
end_of_record
SF:lib/features/space/actions/unlink_child_room.dart
DA:9,0
DA:16,0
DA:18,0
DA:19,0
DA:20,0
DA:22,0
DA:23,0
DA:24,0
DA:27,0
DA:28,0
DA:29,0
LF:11
LH:0
end_of_record
SF:lib/common/widgets/visibility/visibility_chip.dart
DA:11,0
DA:17,3
DA:23,3
DA:25,12
DA:26,3
DA:27,6
DA:28,0
DA:29,0
DA:30,0
DA:32,3
DA:34,0
DA:35,0
DA:36,0
DA:37,0
DA:40,0
DA:44,0
DA:45,0
DA:46,0
DA:48,0
DA:50,0
DA:56,3
DA:57,3
DA:59,3
DA:60,3
DA:64,3
DA:65,3
DA:66,3
DA:68,3
DA:69,8
DA:70,1
DA:72,1
DA:74,3
DA:76,1
DA:78,3
LF:34
LH:20
end_of_record
SF:lib/common/widgets/scrollable_list_tab_scroller.dart
DA:38,1
DA:146,1
DA:148,1
DA:158,1
DA:160,1
DA:162,1
DA:163,3
DA:164,1
DA:165,2
DA:167,4
DA:169,3
DA:172,0
DA:173,0
DA:174,0
DA:176,0
DA:177,0
DA:180,0
DA:181,0
DA:185,0
DA:186,0
DA:188,0
DA:190,0
DA:191,0
DA:193,0
DA:199,0
DA:200,0
DA:201,0
DA:205,0
DA:207,0
DA:210,0
DA:212,0
DA:216,0
DA:217,0
DA:218,0
DA:221,0
DA:222,0
DA:224,0
DA:226,0
DA:227,0
DA:231,0
DA:232,0
DA:235,0
DA:236,0
DA:237,0
DA:238,0
DA:241,0
DA:244,1
DA:248,3
DA:249,0
DA:255,1
DA:259,2
DA:260,1
DA:265,0
DA:266,0
DA:268,0
DA:269,0
DA:273,1
DA:275,1
DA:276,1
DA:277,1
DA:279,1
DA:280,2
DA:281,2
DA:282,0
DA:284,1
DA:285,2
DA:286,2
DA:289,1
DA:291,1
DA:292,1
DA:293,3
DA:294,1
DA:296,1
DA:299,1
DA:300,1
DA:301,3
DA:302,2
DA:304,1
DA:307,0
DA:316,1
DA:317,1
DA:318,0
DA:319,0
DA:321,2
DA:322,1
DA:323,1
DA:324,2
DA:325,2
DA:326,2
DA:327,2
DA:328,2
DA:329,2
DA:330,2
DA:331,2
DA:332,2
DA:333,2
DA:334,2
DA:335,2
DA:336,2
DA:337,2
DA:341,1
DA:343,1
DA:344,4
DA:345,1
DA:356,1
DA:365,1
DA:366,1
DA:373,1
DA:375,1
DA:376,1
DA:379,1
DA:380,1
DA:381,4
DA:382,1
DA:383,2
DA:386,2
DA:387,1
DA:388,4
DA:391,0
DA:393,0
DA:394,0
DA:395,0
DA:399,1
DA:401,2
DA:402,4
DA:403,1
DA:406,0
DA:407,0
DA:410,0
DA:411,0
DA:412,0
DA:416,0
DA:417,0
DA:418,0
DA:422,1
DA:424,1
DA:425,1
DA:426,2
DA:427,0
DA:428,0
DA:429,0
DA:430,0
DA:433,1
DA:434,2
DA:438,1
DA:439,2
DA:440,1
DA:446,1
DA:447,2
DA:449,1
DA:459,0
DA:460,0
LF:152
LH:90
end_of_record
SF:lib/common/widgets/search.dart
DA:9,0
DA:15,0
DA:17,0
DA:19,0
DA:20,0
DA:21,0
DA:22,0
DA:23,0
DA:24,0
DA:26,0
DA:27,0
DA:28,0
DA:29,0
DA:31,0
DA:37,0
DA:38,0
DA:39,0
LF:17
LH:0
end_of_record
SF:lib/common/widgets/side_sheet_page.dart
DA:10,0
DA:27,0
DA:29,0
DA:30,0
DA:35,0
DA:36,0
DA:37,0
DA:38,0
DA:39,0
DA:43,0
DA:45,0
DA:47,0
DA:48,0
DA:52,0
DA:56,0
DA:58,0
DA:66,0
DA:67,0
DA:68,0
DA:69,0
DA:70,0
LF:21
LH:0
end_of_record
SF:lib/common/widgets/sliver_scaffold.dart
DA:25,0
DA:44,0
DA:46,0
DA:47,0
DA:49,0
DA:51,0
DA:53,0
DA:55,0
DA:58,0
DA:60,0
DA:61,0
DA:62,0
DA:63,0
DA:64,0
DA:65,0
DA:66,0
DA:67,0
DA:68,0
DA:69,0
DA:71,0
DA:72,0
DA:76,0
DA:78,0
DA:79,0
DA:80,0
DA:81,0
DA:82,0
DA:83,0
DA:84,0
DA:85,0
DA:86,0
DA:87,0
DA:106,0
DA:114,0
DA:116,0
DA:117,0
DA:118,0
DA:119,0
DA:120,0
DA:121,0
DA:122,0
DA:123,0
DA:124,0
DA:126,0
DA:127,0
DA:128,0
DA:130,0
DA:135,0
DA:136,0
DA:139,0
DA:141,0
DA:143,0
DA:145,0
DA:146,0
DA:147,0
DA:148,0
DA:149,0
DA:151,0
DA:174,0
DA:184,0
DA:186,0
DA:187,0
DA:188,0
DA:190,0
DA:191,0
DA:192,0
DA:195,0
DA:197,0
DA:199,0
DA:200,0
DA:202,0
DA:203,0
DA:204,0
DA:206,0
DA:208,0
DA:209,0
DA:210,0
DA:211,0
DA:220,0
DA:221,0
LF:80
LH:0
end_of_record
SF:lib/common/widgets/space_name_widget.dart
DA:9,3
DA:15,3
DA:17,3
DA:20,3
DA:22,15
DA:23,6
DA:24,3
DA:28,9
LF:8
LH:8
end_of_record
SF:lib/common/widgets/spaces/has_space_permission.dart
DA:6,0
DA:14,0
DA:22,0
DA:24,0
DA:25,0
DA:26,0
DA:27,0
DA:28,0
DA:31,0
DA:32,0
DA:35,0
LF:11
LH:0
end_of_record
SF:lib/common/widgets/spaces/select_space_form_field.dart
DA:10,0
DA:19,36
DA:29,0
DA:30,0
DA:32,0
DA:33,0
DA:34,0
DA:36,0
DA:39,0
DA:41,0
DA:42,0
DA:44,0
DA:45,0
DA:46,0
DA:47,0
DA:50,0
DA:51,0
DA:52,0
DA:53,0
DA:54,0
DA:55,0
DA:57,0
DA:58,0
DA:59,0
DA:60,0
DA:61,0
DA:63,0
DA:64,0
DA:65,0
DA:71,0
DA:73,0
DA:74,0
DA:76,0
DA:78,0
DA:81,0
DA:82,0
DA:90,0
DA:91,0
DA:93,0
DA:97,0
DA:103,0
DA:104,0
DA:105,0
DA:106,0
DA:108,0
DA:109,0
DA:110,0
DA:114,0
LF:48
LH:1
end_of_record
SF:lib/common/widgets/spaces/space_selector_drawer.dart
DA:7,0
DA:14,0
DA:19,0
DA:23,0
DA:32,0
LF:5
LH:0
end_of_record
SF:lib/features/home/widgets/space_chip.dart
DA:15,2
DA:23,2
DA:25,2
DA:26,1
DA:28,1
DA:31,1
DA:32,1
DA:33,1
DA:34,1
DA:45,1
DA:46,1
DA:48,5
DA:49,1
DA:50,1
DA:51,2
DA:52,2
DA:53,1
DA:54,0
DA:55,0
DA:56,0
DA:57,0
DA:61,0
DA:63,1
DA:65,4
DA:74,1
DA:75,4
DA:76,2
DA:77,1
DA:78,0
DA:79,0
DA:81,1
DA:82,1
DA:83,1
DA:88,1
LF:34
LH:27
end_of_record
SF:lib/common/widgets/user_avatar.dart
DA:9,24
DA:14,0
DA:16,0
DA:17,0
DA:18,0
DA:20,0
LF:6
LH:1
end_of_record
SF:lib/common/widgets/video_dialog.dart
DA:10,0
DA:16,0
DA:18,0
DA:20,0
DA:21,0
DA:22,0
DA:24,0
DA:25,0
DA:26,0
DA:28,0
DA:29,0
DA:30,0
DA:31,0
DA:32,0
DA:37,0
DA:38,0
DA:39,0
DA:45,0
LF:18
LH:0
end_of_record
SF:lib/common/widgets/visibility/room_visibility_item.dart
DA:13,0
DA:14,0
DA:17,0
DA:28,0
DA:30,0
DA:32,0
DA:33,0
DA:34,0
DA:36,0
DA:38,0
DA:39,0
DA:40,0
DA:41,0
DA:42,0
DA:43,0
DA:45,0
DA:46,0
DA:47,0
DA:49,0
DA:50,0
DA:51,0
DA:54,0
DA:56,0
DA:57,0
DA:59,0
DA:60,0
LF:26
LH:0
end_of_record
SF:lib/common/widgets/visibility/room_visibilty_type.dart
DA:14,12
DA:22,0
DA:24,0
DA:25,0
DA:27,0
DA:28,0
DA:30,0
DA:32,0
DA:33,0
DA:34,0
DA:36,0
DA:39,0
DA:41,0
DA:42,0
DA:43,0
DA:45,0
DA:48,0
DA:49,0
DA:51,0
DA:52,0
DA:53,0
DA:55,0
LF:22
LH:1
end_of_record
SF:lib/common/widgets/visibility/visibility_selector_drawer.dart
DA:9,0
DA:15,0
DA:21,0
DA:22,0
DA:24,0
DA:25,0
DA:26,0
DA:27,0
DA:30,0
DA:33,0
DA:34,0
LF:11
LH:0
end_of_record
SF:lib/common/widgets/with_sidebar.dart
DA:7,12
DA:13,0
DA:15,0
DA:17,0
DA:20,0
DA:21,0
DA:22,0
DA:26,0
LF:8
LH:1
end_of_record
SF:lib/config/app_shell.dart
DA:30,0
DA:32,0
DA:37,0
DA:39,0
DA:40,0
DA:48,0
DA:50,0
DA:51,0
DA:54,0
DA:56,0
DA:59,0
DA:61,0
DA:64,0
DA:66,0
DA:69,0
DA:71,0
DA:72,0
DA:74,0
DA:75,0
DA:81,0
DA:82,0
DA:84,0
DA:86,0
DA:88,0
DA:93,0
DA:94,0
DA:97,0
DA:99,0
DA:101,0
DA:106,0
DA:108,0
DA:110,0
DA:111,0
DA:114,0
DA:117,0
DA:126,0
DA:128,0
DA:129,0
DA:130,0
DA:134,0
DA:135,0
DA:136,0
DA:137,0
DA:139,0
DA:140,0
DA:143,0
DA:145,0
DA:146,0
DA:147,0
DA:148,0
DA:149,0
DA:151,0
DA:152,0
DA:162,0
DA:163,0
DA:166,0
DA:167,0
DA:171,0
DA:172,0
DA:173,0
DA:174,0
DA:176,0
DA:182,0
DA:183,0
DA:184,0
DA:185,0
DA:187,0
DA:188,0
DA:195,0
DA:196,0
DA:197,0
DA:198,0
DA:200,0
DA:206,0
DA:207,0
DA:208,0
DA:211,0
DA:212,0
DA:213,0
DA:215,0
DA:216,0
DA:217,0
DA:218,0
DA:219,0
DA:220,0
DA:221,0
DA:228,0
DA:231,0
DA:234,0
DA:235,0
DA:236,0
DA:238,0
DA:241,0
DA:248,0
DA:249,0
DA:250,0
DA:251,0
DA:255,0
DA:257,0
DA:261,0
DA:267,0
DA:268,0
DA:269,0
DA:270,0
DA:271,0
DA:272,0
DA:273,0
LF:107
LH:0
end_of_record
SF:lib/config/notifications/init.dart
DA:17,0
DA:24,0
DA:25,0
DA:35,0
DA:40,0
DA:42,0
DA:48,0
DA:52,0
DA:53,0
DA:55,0
DA:60,0
DA:61,0
DA:63,0
DA:70,0
DA:74,0
DA:75,0
DA:81,0
DA:88,0
DA:90,0
DA:95,0
DA:96,0
DA:98,0
DA:100,0
DA:101,0
DA:103,0
DA:105,0
DA:106,0
DA:109,0
DA:111,0
DA:117,0
DA:118,0
DA:119,0
DA:121,0
DA:125,0
DA:126,0
DA:129,0
DA:135,0
DA:138,0
DA:139,0
DA:140,0
DA:146,0
DA:151,0
DA:153,0
DA:155,0
DA:161,0
DA:162,0
DA:165,0
DA:167,0
DA:169,0
DA:172,0
DA:174,0
DA:175,0
DA:176,0
DA:177,0
DA:178,0
LF:55
LH:0
end_of_record
SF:lib/features/auth/pages/logged_out_screen.dart
DA:12,0
DA:17,0
DA:19,0
DA:20,0
DA:21,0
DA:23,0
DA:24,0
DA:25,0
DA:26,0
DA:30,0
DA:34,0
DA:36,0
DA:38,0
DA:39,0
DA:40,0
DA:41,0
DA:42,0
DA:43,0
DA:44,0
DA:46,0
DA:54,0
DA:56,0
DA:58,0
DA:59,0
DA:60,0
DA:61,0
DA:63,0
DA:64,0
DA:65,0
LF:29
LH:0
end_of_record
SF:lib/features/calendar_sync/calendar_sync.dart
DA:15,0
DA:17,0
DA:29,0
DA:32,0
DA:34,0
DA:35,0
DA:37,0
DA:42,0
DA:43,0
DA:44,0
DA:45,0
DA:48,0
DA:51,0
DA:52,0
DA:54,0
DA:57,0
DA:58,0
DA:59,0
DA:62,0
DA:63,0
DA:66,0
DA:68,0
DA:70,0
DA:71,0
DA:72,0
DA:75,0
DA:76,0
DA:77,0
DA:78,0
DA:85,0
DA:87,0
DA:90,0
DA:91,0
DA:92,0
DA:93,0
DA:94,0
DA:95,0
DA:99,0
DA:105,0
DA:109,0
DA:110,0
DA:111,0
DA:113,0
DA:114,0
DA:115,0
DA:118,0
DA:119,0
DA:120,0
DA:121,0
DA:122,0
DA:124,0
DA:127,0
DA:128,0
DA:132,0
DA:133,0
DA:134,0
DA:137,0
DA:138,0
DA:141,0
DA:142,0
DA:143,0
DA:148,0
DA:149,0
DA:151,0
DA:152,0
DA:155,0
DA:156,0
DA:158,0
DA:161,0
DA:163,0
DA:165,0
DA:166,0
DA:169,0
DA:174,0
DA:175,0
DA:177,0
DA:184,0
DA:185,0
DA:186,0
DA:187,0
DA:188,0
DA:193,0
DA:198,0
DA:199,0
DA:200,0
DA:201,0
DA:202,0
DA:203,0
DA:205,0
DA:206,0
DA:207,0
DA:209,0
DA:210,0
DA:211,0
DA:217,0
DA:219,0
DA:220,0
DA:224,0
DA:226,0
DA:228,0
DA:229,0
DA:230,0
DA:231,0
DA:232,0
DA:234,0
DA:235,0
DA:236,0
DA:237,0
DA:240,0
DA:241,0
DA:242,0
DA:243,0
DA:244,0
DA:247,0
DA:248,0
DA:249,0
DA:250,0
DA:251,0
DA:255,0
DA:256,0
DA:257,0
DA:258,0
DA:259,0
DA:264,0
DA:265,0
DA:266,0
DA:268,0
DA:269,0
DA:273,0
DA:275,0
DA:276,0
DA:277,0
DA:285,0
DA:287,0
DA:290,0
DA:291,0
DA:293,0
DA:299,0
LF:138
LH:0
end_of_record
SF:lib/features/cross_signing/widgets/cross_signing.dart
DA:18,0
DA:23,12
DA:25,0
DA:26,0
DA:34,0
DA:36,0
DA:40,0
DA:41,0
DA:42,0
DA:43,0
DA:45,0
DA:46,0
DA:48,0
DA:49,0
DA:51,0
DA:52,0
DA:54,0
DA:55,0
DA:57,0
DA:58,0
DA:60,0
DA:61,0
DA:63,0
DA:64,0
DA:66,0
DA:67,0
DA:69,0
DA:70,0
DA:72,0
DA:73,0
DA:75,0
DA:76,0
DA:78,0
DA:79,0
DA:81,0
DA:82,0
DA:84,0
DA:85,0
DA:90,0
DA:91,0
DA:94,0
DA:95,0
DA:99,0
DA:100,0
DA:103,0
DA:104,0
DA:105,0
DA:109,0
DA:110,0
DA:111,0
DA:112,0
DA:114,0
DA:122,0
DA:123,0
DA:127,0
DA:128,0
DA:131,0
DA:132,0
DA:135,0
DA:136,0
DA:137,0
DA:138,0
DA:139,0
DA:140,0
DA:142,0
DA:144,0
DA:151,0
DA:152,0
DA:155,0
DA:156,0
DA:159,0
DA:160,0
DA:161,0
DA:164,0
DA:165,0
DA:168,0
DA:169,0
DA:170,0
DA:171,0
DA:172,0
DA:173,0
DA:180,0
DA:181,0
DA:182,0
DA:185,0
DA:188,0
DA:189,0
DA:192,0
DA:193,0
DA:197,0
DA:198,0
DA:199,0
DA:200,0
DA:201,0
DA:203,0
DA:209,0
DA:210,0
DA:213,0
DA:214,0
DA:215,0
DA:219,0
DA:220,0
DA:223,0
DA:224,0
DA:225,0
DA:226,0
DA:227,0
DA:229,0
DA:231,0
DA:233,0
DA:240,0
DA:241,0
DA:245,0
DA:246,0
DA:249,0
DA:250,0
DA:253,0
DA:256,0
DA:257,0
DA:258,0
DA:259,0
DA:260,0
DA:261,0
DA:269,0
DA:270,0
DA:273,0
DA:274,0
DA:277,0
DA:278,0
DA:279,0
DA:280,0
DA:281,0
DA:288,0
DA:289,0
DA:290,0
DA:293,0
DA:296,0
DA:297,0
DA:300,0
DA:301,0
DA:305,0
DA:306,0
DA:307,0
DA:308,0
DA:309,0
DA:311,0
DA:317,0
DA:318,0
DA:319,0
DA:322,0
DA:325,0
DA:326,0
DA:328,0
DA:330,0
DA:331,0
DA:332,0
DA:333,0
DA:334,0
DA:335,0
DA:336,0
DA:337,0
DA:339,0
DA:340,0
DA:341,0
DA:343,0
DA:344,0
DA:345,0
DA:352,0
DA:353,0
DA:355,0
DA:357,0
DA:358,0
DA:359,0
DA:360,0
DA:362,0
DA:363,0
DA:365,0
DA:366,0
DA:367,0
DA:369,0
DA:370,0
DA:371,0
DA:380,0
DA:381,0
DA:384,0
DA:385,0
DA:388,0
DA:389,0
DA:390,0
DA:391,0
DA:392,0
DA:394,0
LF:192
LH:1
end_of_record
SF:lib/features/home/providers/navigation.dart
DA:13,0
DA:14,0
DA:24,0
DA:25,0
DA:27,0
DA:37,0
DA:38,0
DA:40,0
DA:44,0
DA:45,0
DA:47,0
DA:53,0
DA:54,0
DA:56,0
DA:68,0
DA:69,0
LF:16
LH:0
end_of_record
SF:lib/features/home/widgets/sidebar_widget.dart
DA:22,12
DA:24,0
DA:26,0
DA:29,0
DA:30,0
DA:41,12
DA:46,0
DA:48,0
DA:55,0
DA:57,0
DA:58,0
DA:59,0
DA:63,0
DA:65,0
DA:66,0
DA:71,0
DA:73,0
DA:75,0
DA:79,0
DA:81,0
DA:87,0
DA:89,0
DA:90,0
DA:91,0
DA:92,0
DA:93,0
DA:105,0
DA:113,0
DA:115,0
DA:116,0
DA:117,0
DA:120,0
DA:121,0
DA:122,0
DA:123,0
DA:124,0
DA:129,0
DA:132,0
DA:145,0
DA:150,0
DA:152,0
DA:154,0
DA:157,0
DA:160,0
DA:163,0
DA:164,0
DA:166,0
DA:169,0
DA:171,0
DA:178,0
DA:180,0
DA:183,0
DA:186,0
DA:187,0
DA:188,0
DA:189,0
DA:190,0
DA:191,0
DA:195,0
DA:201,0
DA:202,0
DA:207,0
DA:208,0
DA:209,0
DA:211,0
DA:212,0
DA:214,0
DA:215,0
DA:216,0
DA:226,0
DA:227,0
DA:228,0
DA:229,0
DA:233,0
DA:234,0
DA:235,0
DA:241,0
DA:243,0
DA:246,0
DA:247,0
DA:250,0
DA:256,0
DA:258,0
DA:261,0
DA:262,0
DA:272,0
DA:274,0
DA:276,0
DA:279,0
DA:281,0
DA:283,0
DA:285,0
DA:286,0
DA:287,0
DA:289,0
DA:299,0
DA:301,0
DA:306,0
DA:307,0
DA:308,0
DA:310,0
DA:311,0
DA:312,0
DA:314,0
DA:316,0
DA:317,0
DA:318,0
DA:319,0
DA:321,0
DA:322,0
DA:328,0
DA:329,0
DA:330,0
DA:333,0
DA:334,0
DA:335,0
DA:336,0
DA:340,0
LF:118
LH:2
end_of_record
SF:lib/features/settings/providers/settings_providers.dart
DA:14,0
DA:15,0
DA:19,0
DA:20,0
DA:21,0
DA:22,0
DA:23,0
DA:24,0
DA:25,0
DA:27,0
DA:29,0
DA:33,0
DA:34,0
DA:35,0
DA:36,0
DA:42,0
DA:43,0
DA:45,0
DA:46,0
DA:47,0
DA:50,0
DA:51,0
DA:52,0
DA:55,0
DA:56,0
DA:57,0
DA:58,0
DA:59,0
DA:61,0
DA:62,0
DA:63,0
DA:66,0
DA:67,0
DA:68,0
DA:70,0
DA:71,0
DA:72,0
DA:79,0
DA:80,0
DA:83,0
DA:84,0
DA:85,0
DA:89,0
DA:94,0
DA:95,0
LF:45
LH:0
end_of_record
SF:lib/config/notifications/firebase_options.dart
DA:18,0
DA:20,0
DA:25,0
DA:26,0
DA:28,0
DA:29,0
DA:33,0
DA:34,0
DA:38,0
DA:39,0
DA:43,0
DA:44,0
DA:49,0
LF:13
LH:0
end_of_record
SF:lib/config/notifications/util.dart
DA:8,0
DA:9,0
DA:10,0
DA:11,0
DA:14,0
DA:15,0
DA:16,0
DA:17,0
DA:20,0
DA:21,0
DA:22,0
DA:25,0
DA:26,0
DA:30,0
DA:31,0
DA:34,0
DA:39,0
LF:17
LH:0
end_of_record
SF:lib/router/router.dart
DA:19,0
DA:21,0
DA:26,0
DA:27,0
DA:34,0
DA:38,0
DA:39,0
DA:40,0
DA:41,0
DA:48,0
DA:51,0
DA:52,0
DA:53,0
DA:57,0
DA:62,0
DA:63,0
DA:69,0
DA:70,0
DA:72,0
DA:74,0
DA:76,0
DA:79,0
DA:81,0
DA:82,0
DA:84,0
DA:87,0
DA:88,0
DA:91,0
DA:92,0
DA:93,0
DA:97,0
DA:100,0
DA:101,0
DA:102,0
DA:106,0
DA:107,0
DA:108,0
DA:111,0
DA:112,0
DA:113,0
DA:114,0
DA:119,0
DA:123,0
DA:125,0
DA:128,0
DA:131,0
DA:134,0
DA:137,0
DA:141,0
DA:142,0
DA:143,0
DA:144,0
DA:146,0
DA:147,0
DA:148,0
DA:150,0
DA:151,0
DA:152,0
DA:154,0
DA:155,0
DA:156,0
DA:158,0
DA:159,0
DA:160,0
DA:164,0
DA:165,0
DA:166,0
DA:167,0
DA:169,0
DA:170,0
DA:171,0
DA:172,0
DA:173,0
DA:178,0
DA:180,0
LF:75
LH:0
end_of_record
SF:lib/router/providers/router_providers.dart
DA:8,0
DA:11,0
DA:12,0
DA:15,0
DA:16,0
DA:17,0
DA:21,0
DA:27,0
DA:28,0
DA:29,0
DA:30,0
DA:31,0
DA:32,0
DA:33,0
DA:34,0
DA:36,0
DA:37,0
DA:38,0
DA:39,0
DA:40,0
DA:41,0
DA:42,0
DA:43,0
DA:45,0
DA:46,0
DA:47,0
DA:48,0
DA:49,0
DA:50,0
DA:51,0
DA:52,0
DA:54,0
DA:55,0
DA:56,0
DA:57,0
DA:58,0
DA:59,0
DA:60,0
DA:61,0
DA:63,0
DA:64,0
DA:65,0
DA:66,0
DA:67,0
DA:68,0
DA:69,0
DA:70,0
DA:74,0
DA:75,0
DA:81,0
DA:82,0
DA:83,0
LF:52
LH:0
end_of_record
SF:lib/router/utils.dart
DA:17,0
DA:18,0
DA:19,0
DA:20,0
DA:21,0
DA:22,0
DA:29,0
DA:36,0
DA:37,0
DA:40,0
DA:41,0
DA:45,0
DA:49,0
DA:53,0
DA:56,0
DA:57,0
DA:58,0
DA:59,0
DA:62,0
DA:65,0
DA:66,0
DA:72,0
DA:78,0
DA:79,0
DA:80,0
DA:85,0
DA:86,0
DA:89,0
DA:90,0
LF:29
LH:0
end_of_record
SF:lib/config/setup.dart
DA:7,0
DA:8,0
DA:11,0
DA:13,0
DA:16,0
LF:5
LH:0
end_of_record
SF:lib/features/activities/pages/activities_page.dart
DA:28,12
DA:30,0
DA:31,0
DA:32,0
DA:33,0
DA:35,0
DA:36,0
DA:37,0
DA:38,0
DA:39,0
DA:41,0
DA:42,0
DA:47,0
DA:48,0
DA:49,0
DA:51,0
DA:52,0
DA:54,0
DA:55,0
DA:56,0
DA:57,0
DA:58,0
DA:59,0
DA:60,0
DA:61,0
DA:62,0
DA:63,0
DA:73,0
DA:74,0
DA:75,0
DA:78,0
DA:79,0
DA:80,0
DA:85,0
DA:86,0
DA:87,0
DA:91,0
DA:92,0
DA:93,0
DA:94,0
DA:95,0
DA:98,0
DA:104,0
DA:105,0
DA:106,0
DA:107,0
DA:109,0
DA:110,0
DA:113,0
DA:114,0
DA:115,0
DA:117,0
DA:118,0
DA:119,0
DA:121,0
DA:125,0
DA:126,0
DA:128,0
DA:130,0
DA:131,0
DA:132,0
DA:134,0
DA:135,0
DA:136,0
DA:138,0
DA:147,0
DA:151,0
DA:152,0
DA:153,0
DA:154,0
DA:157,0
DA:158,0
DA:160,0
DA:161,0
DA:168,0
DA:170,0
DA:173,0
DA:174,0
DA:176,0
DA:178,0
DA:179,0
DA:181,0
DA:184,0
DA:186,0
DA:189,0
DA:191,0
DA:193,0
DA:194,0
DA:195,0
DA:198,0
DA:199,0
DA:200,0
DA:201,0
DA:202,0
DA:203,0
DA:204,0
DA:206,0
DA:209,0
DA:210,0
DA:211,0
DA:212,0
DA:213,0
DA:215,0
DA:216,0
DA:217,0
LF:105
LH:1
end_of_record
SF:lib/features/activities/providers/activities_providers.dart
DA:7,0
DA:8,0
DA:9,0
DA:12,0
DA:13,0
DA:16,0
DA:22,0
DA:23,0
DA:24,0
LF:9
LH:0
end_of_record
SF:lib/features/activities/providers/invitations_providers.dart
DA:9,0
DA:10,0
DA:11,0
DA:14,0
DA:15,0
DA:16,0
DA:20,0
DA:21,0
DA:22,0
DA:23,0
DA:24,0
DA:26,0
DA:29,0
DA:31,0
LF:14
LH:0
end_of_record
SF:lib/features/activities/widgets/invitation_card.dart
DA:14,0
DA:19,0
DA:24,0
DA:25,0
DA:31,0
DA:33,0
DA:34,0
DA:37,0
DA:38,0
DA:39,0
DA:40,0
DA:44,0
DA:46,0
DA:47,0
DA:52,0
DA:54,0
DA:55,0
DA:57,0
DA:59,0
DA:61,0
DA:63,0
DA:64,0
DA:65,0
DA:69,0
DA:70,0
DA:71,0
DA:81,0
DA:82,0
DA:84,0
DA:86,0
DA:87,0
DA:88,0
DA:90,0
DA:93,0
DA:94,0
DA:95,0
DA:96,0
DA:97,0
DA:98,0
DA:103,0
DA:104,0
DA:105,0
DA:106,0
DA:107,0
DA:113,0
DA:114,0
DA:115,0
DA:116,0
DA:117,0
DA:118,0
DA:123,0
DA:124,0
DA:127,0
DA:128,0
DA:129,0
DA:130,0
DA:136,0
DA:138,0
DA:139,0
DA:140,0
DA:141,0
DA:142,0
DA:143,0
DA:144,0
DA:146,0
DA:147,0
DA:152,0
DA:153,0
DA:154,0
DA:155,0
DA:159,0
DA:161,0
DA:162,0
DA:164,0
DA:166,0
DA:167,0
DA:168,0
DA:170,0
DA:171,0
DA:176,0
DA:181,0
DA:182,0
DA:183,0
DA:184,0
DA:185,0
DA:186,0
DA:188,0
DA:190,0
DA:191,0
DA:192,0
DA:195,0
DA:196,0
DA:204,0
DA:206,0
DA:207,0
DA:208,0
DA:211,0
DA:215,0
DA:216,0
DA:219,0
DA:221,0
DA:223,0
DA:227,0
DA:228,0
DA:229,0
DA:231,0
DA:232,0
DA:233,0
DA:234,0
DA:238,0
DA:240,0
DA:241,0
DA:242,0
DA:247,0
DA:248,0
DA:249,0
DA:252,0
DA:253,0
LF:118
LH:0
end_of_record
SF:lib/features/backups/widgets/backup_state_widget.dart
DA:15,0
DA:20,24
DA:25,0
DA:27,0
DA:28,0
DA:29,0
DA:31,0
DA:32,0
DA:33,0
DA:37,0
DA:38,0
DA:39,0
DA:40,0
DA:41,0
DA:43,0
DA:44,0
DA:45,0
DA:46,0
DA:47,0
DA:54,0
DA:55,0
DA:56,0
DA:57,0
DA:59,0
DA:60,0
DA:61,0
DA:63,0
DA:64,0
DA:70,0
DA:71,0
DA:72,0
DA:73,0
DA:75,0
DA:76,0
DA:77,0
DA:78,0
DA:79,0
DA:80,0
DA:81,0
DA:83,0
DA:84,0
DA:85,0
DA:86,0
DA:94,0
DA:95,0
DA:96,0
DA:97,0
DA:99,0
DA:100,0
DA:101,0
DA:102,0
DA:103,0
DA:109,0
DA:110,0
DA:111,0
DA:114,0
DA:115,0
DA:117,0
DA:118,0
DA:119,0
DA:122,0
DA:123,0
DA:128,0
DA:129,0
DA:130,0
DA:134,0
DA:139,0
DA:140,0
DA:141,0
DA:143,0
LF:70
LH:1
end_of_record
SF:lib/features/settings/providers/session_providers.dart
DA:5,0
DA:6,0
DA:7,0
DA:10,0
DA:11,0
DA:12,0
DA:14,0
DA:15,0
LF:8
LH:0
end_of_record
SF:lib/features/settings/widgets/session_card.dart
DA:16,0
DA:21,0
DA:23,0
DA:24,0
DA:25,0
DA:26,0
DA:28,0
DA:32,0
DA:34,0
DA:36,0
DA:38,0
DA:39,0
DA:44,0
DA:46,0
DA:48,0
DA:50,0
DA:52,0
DA:54,0
DA:55,0
DA:56,0
DA:57,0
DA:61,0
DA:62,0
DA:63,0
DA:64,0
DA:65,0
DA:66,0
DA:68,0
DA:70,0
DA:71,0
DA:72,0
DA:79,0
DA:80,0
DA:81,0
DA:82,0
DA:84,0
DA:86,0
DA:87,0
DA:88,0
DA:101,0
DA:102,0
DA:103,0
DA:105,0
DA:106,0
DA:107,0
DA:108,0
DA:109,0
DA:110,0
DA:111,0
DA:112,0
DA:113,0
DA:116,0
DA:120,0
DA:121,0
DA:122,0
DA:123,0
DA:124,0
DA:125,0
DA:129,0
DA:130,0
DA:131,0
DA:132,0
DA:133,0
DA:134,0
DA:142,0
DA:143,0
DA:144,0
DA:145,0
DA:146,0
DA:147,0
DA:148,0
DA:150,0
DA:153,0
DA:154,0
DA:155,0
DA:158,0
DA:160,0
DA:163,0
LF:78
LH:0
end_of_record
SF:lib/features/activities/providers/notifiers/invitation_list_notifier.dart
DA:8,0
DA:14,0
DA:16,0
DA:18,0
DA:20,0
DA:21,0
DA:22,0
DA:23,0
DA:24,0
DA:26,0
DA:27,0
DA:29,0
DA:30,0
DA:33,0
DA:34,0
LF:15
LH:0
end_of_record
SF:lib/features/attachments/actions/add_edit_link_bottom_sheet.dart
DA:7,0
DA:14,0
DA:20,0
DA:21,0
DA:37,0
DA:45,0
DA:46,0
DA:54,0
DA:56,0
DA:57,0
DA:60,0
DA:62,0
DA:63,0
DA:64,0
DA:65,0
DA:66,0
DA:68,0
DA:70,0
DA:72,0
DA:73,0
DA:74,0
DA:76,0
DA:79,0
DA:81,0
DA:83,0
DA:85,0
DA:86,0
DA:87,0
DA:88,0
DA:91,0
DA:92,0
DA:93,0
DA:96,0
DA:97,0
DA:98,0
DA:99,0
DA:100,0
DA:105,0
DA:106,0
DA:107,0
DA:110,0
DA:122,0
DA:123,0
DA:125,0
DA:126,0
DA:128,0
DA:131,0
DA:140,0
DA:141,0
DA:142,0
DA:144,0
DA:145,0
DA:147,0
DA:150,0
DA:154,0
DA:155,0
DA:156,0
DA:157,0
LF:58
LH:0
end_of_record
SF:lib/features/attachments/actions/handle_selected_attachments.dart
DA:16,0
DA:19,0
DA:30,0
DA:31,0
DA:32,0
DA:33,0
DA:35,0
DA:36,0
DA:37,0
DA:38,0
DA:39,0
DA:40,0
DA:41,0
DA:42,0
DA:44,0
DA:45,0
DA:46,0
DA:47,0
DA:48,0
DA:49,0
DA:50,0
DA:51,0
DA:52,0
DA:54,0
DA:55,0
DA:56,0
DA:57,0
DA:58,0
DA:59,0
DA:60,0
DA:62,0
DA:63,0
DA:64,0
DA:65,0
DA:66,0
DA:69,0
DA:70,0
DA:71,0
DA:72,0
DA:73,0
DA:76,0
DA:77,0
DA:78,0
DA:80,0
DA:81,0
DA:82,0
DA:84,0
DA:86,0
DA:87,0
DA:88,0
DA:91,0
DA:92,0
LF:52
LH:0
end_of_record
SF:lib/features/attachments/actions/select_attachment.dart
DA:5,0
DA:10,0
DA:14,0
LF:3
LH:0
end_of_record
SF:lib/features/attachments/widgets/attachment_selection_options.dart
DA:22,0
DA:28,0
DA:30,0
DA:31,0
DA:32,0
DA:35,0
DA:36,0
DA:38,0
DA:40,0
DA:42,0
DA:44,0
DA:46,0
DA:47,0
DA:49,0
DA:51,0
DA:53,0
DA:55,0
DA:57,0
DA:59,0
DA:61,0
DA:63,0
DA:65,0
DA:67,0
DA:69,0
DA:71,0
DA:73,0
DA:75,0
DA:83,0
DA:89,0
DA:91,0
DA:97,0
DA:98,0
DA:99,0
DA:101,0
DA:102,0
DA:103,0
DA:104,0
DA:111,0
DA:115,0
DA:117,0
DA:118,0
DA:119,0
DA:120,0
DA:125,0
DA:127,0
DA:129,0
DA:130,0
DA:131,0
DA:132,0
DA:135,0
DA:137,0
DA:139,0
DA:140,0
DA:141,0
DA:142,0
DA:145,0
DA:147,0
DA:149,0
DA:150,0
DA:151,0
DA:152,0
DA:155,0
DA:156,0
DA:160,0
DA:161,0
DA:162,0
DA:164,0
DA:165,0
DA:166,0
DA:169,0
DA:170,0
DA:175,0
DA:176,0
DA:177,0
DA:179,0
DA:180,0
DA:181,0
DA:184,0
DA:190,0
DA:191,0
DA:192,0
DA:193,0
DA:195,0
DA:197,0
DA:198,0
DA:199,0
DA:200,0
DA:202,0
DA:207,0
DA:209,0
DA:211,0
DA:223,0
DA:229,0
DA:231,0
DA:233,0
DA:236,0
DA:237,0
DA:239,0
DA:242,0
DA:243,0
DA:244,0
DA:246,0
DA:252,0
DA:253,0
DA:254,0
DA:256,0
DA:258,0
DA:259,0
DA:260,0
DA:261,0
DA:263,0
DA:265,0
DA:266,0
DA:267,0
DA:268,0
DA:270,0
DA:277,0
DA:278,0
DA:279,0
DA:280,0
DA:282,0
DA:288,0
DA:289,0
DA:295,0
DA:296,0
DA:303,0
LF:126
LH:0
end_of_record
SF:lib/features/attachments/providers/attachment_providers.dart
DA:7,9
DA:8,3
DA:9,6
DA:13,0
DA:14,0
DA:15,0
DA:18,0
DA:19,0
DA:20,0
DA:21,0
LF:10
LH:3
end_of_record
SF:lib/features/attachments/providers/notifiers/attachments_notifiers.dart
DA:11,0
DA:18,3
DA:21,0
DA:22,0
DA:23,0
DA:24,0
DA:25,0
DA:26,0
DA:27,0
DA:28,0
DA:32,0
DA:33,0
DA:35,0
DA:36,0
DA:39,0
DA:48,0
DA:51,0
DA:52,0
DA:55,0
DA:56,0
DA:62,0
DA:63,0
DA:64,0
DA:65,0
DA:69,0
DA:76,0
DA:77,0
DA:78,0
DA:84,0
DA:85,0
DA:87,0
DA:88,0
DA:89,0
DA:91,0
DA:92,0
LF:35
LH:1
end_of_record
SF:lib/features/attachments/widgets/attachment_container.dart
DA:9,0
DA:15,0
DA:17,0
DA:18,0
DA:19,0
DA:20,0
DA:24,0
DA:26,0
DA:27,0
DA:29,0
DA:31,0
DA:32,0
DA:33,0
DA:38,0
DA:39,0
DA:40,0
LF:16
LH:0
end_of_record
SF:lib/features/attachments/widgets/attachment_item.dart
DA:26,0
DA:33,0
DA:35,0
DA:36,0
DA:37,0
DA:38,0
DA:39,0
DA:40,0
DA:42,0
DA:43,0
DA:45,0
DA:46,0
DA:48,0
DA:49,0
DA:50,0
DA:54,0
DA:56,0
DA:57,0
DA:59,0
DA:60,0
DA:61,0
DA:62,0
DA:63,0
DA:64,0
DA:65,0
DA:66,0
DA:67,0
DA:69,0
DA:71,0
DA:73,0
DA:76,0
DA:77,0
DA:80,0
DA:81,0
DA:83,0
DA:84,0
DA:88,0
DA:90,0
DA:94,0
DA:95,0
DA:96,0
DA:97,0
DA:109,0
DA:110,0
DA:111,0
DA:112,0
DA:113,0
DA:114,0
DA:115,0
DA:117,0
DA:118,0
DA:119,0
DA:120,0
DA:125,0
DA:126,0
DA:129,0
DA:131,0
DA:132,0
DA:137,0
DA:138,0
DA:139,0
DA:141,0
DA:144,0
DA:146,0
DA:149,0
DA:150,0
DA:151,0
DA:160,0
DA:167,0
DA:168,0
DA:173,0
DA:174,0
DA:177,0
DA:178,0
DA:179,0
DA:180,0
DA:184,0
DA:185,0
DA:186,0
DA:187,0
DA:191,0
DA:192,0
DA:201,0
DA:209,0
LF:84
LH:0
end_of_record
SF:lib/features/files/actions/file_share.dart
DA:10,0
DA:18,0
DA:24,0
DA:41,0
DA:49,0
DA:51,0
DA:52,0
DA:58,0
DA:60,0
DA:61,0
DA:62,0
DA:63,0
DA:64,0
DA:65,0
DA:66,0
DA:67,0
DA:69,0
DA:70,0
DA:74,0
DA:75,0
DA:77,0
DA:78,0
DA:79,0
DA:80,0
DA:81,0
DA:83,0
DA:84,0
DA:88,0
DA:89,0
DA:91,0
DA:92,0
DA:93,0
DA:94,0
DA:96,0
DA:97,0
DA:101,0
DA:102,0
DA:104,0
LF:38
LH:0
end_of_record
SF:lib/features/pins/actions/attachment_leading_icon.dart
DA:5,0
DA:7,0
DA:8,0
DA:9,0
DA:10,0
DA:11,0
DA:12,0
DA:13,0
LF:8
LH:0
end_of_record
SF:lib/features/attachments/widgets/attachment_section.dart
DA:16,0
DA:25,3
DA:30,3
DA:32,12
DA:33,3
DA:34,0
DA:38,0
DA:39,0
DA:40,0
DA:46,0
DA:47,0
DA:48,0
DA:49,0
DA:50,0
DA:51,0
DA:56,3
DA:70,0
DA:75,0
DA:77,0
DA:78,0
DA:79,0
DA:80,0
DA:81,0
DA:82,0
DA:84,0
DA:94,0
DA:99,0
DA:100,0
DA:102,0
DA:104,0
DA:105,0
DA:106,0
DA:108,0
DA:110,0
DA:113,0
DA:114,0
DA:115,0
DA:123,0
DA:124,0
DA:125,0
DA:126,0
DA:127,0
DA:130,0
DA:131,0
DA:135,0
DA:136,0
DA:138,0
DA:139,0
DA:140,0
DA:143,0
DA:147,0
DA:150,0
DA:151,0
DA:154,0
DA:160,0
DA:166,0
DA:171,0
DA:172,0
DA:173,0
LF:59
LH:5
end_of_record
SF:lib/features/auth/pages/forgot_password.dart
DA:18,0
DA:21,0
DA:22,0
DA:23,0
DA:25,12
DA:27,0
DA:28,0
DA:34,0
DA:36,0
DA:38,0
DA:39,0
DA:40,0
DA:43,0
DA:48,0
DA:49,0
DA:50,0
DA:52,0
DA:61,0
DA:69,0
DA:71,0
DA:72,0
DA:73,0
DA:77,0
DA:78,0
DA:81,0
DA:82,0
DA:83,0
DA:84,0
DA:87,0
DA:89,0
DA:91,0
DA:93,0
DA:95,0
DA:97,0
DA:99,0
DA:108,0
DA:109,0
DA:110,0
DA:112,0
DA:113,0
DA:115,0
DA:116,0
DA:117,0
DA:118,0
DA:123,0
DA:124,0
DA:129,0
DA:130,0
DA:131,0
DA:132,0
DA:139,0
DA:140,0
DA:143,0
DA:144,0
DA:145,0
DA:146,0
DA:147,0
DA:149,0
DA:150,0
DA:152,0
DA:153,0
DA:154,0
DA:155,0
DA:156,0
DA:157,0
DA:164,0
DA:165,0
DA:166,0
DA:167,0
DA:169,0
DA:171,0
DA:173,0
DA:174,0
DA:176,0
DA:177,0
DA:178,0
DA:181,0
DA:182,0
DA:188,0
DA:189,0
DA:190,0
DA:191,0
DA:192,0
DA:193,0
DA:194,0
DA:204,0
DA:212,0
DA:214,0
DA:215,0
DA:216,0
DA:220,0
DA:221,0
DA:224,0
DA:225,0
DA:226,0
DA:227,0
DA:230,0
DA:232,0
DA:234,0
DA:236,0
DA:238,0
DA:240,0
DA:249,0
DA:250,0
DA:252,0
DA:253,0
DA:255,0
DA:256,0
DA:257,0
DA:258,0
DA:266,0
DA:267,0
DA:270,0
DA:271,0
DA:272,0
DA:273,0
DA:274,0
DA:276,0
DA:277,0
DA:279,0
DA:280,0
DA:281,0
DA:282,0
DA:283,0
DA:285,0
DA:287,0
DA:288,0
DA:295,0
DA:296,0
DA:298,0
DA:299,0
DA:301,0
DA:303,0
DA:304,0
DA:305,0
DA:307,0
DA:308,0
DA:310,0
DA:311,0
DA:312,0
DA:315,0
DA:316,0
DA:322,0
DA:323,0
DA:324,0
DA:325,0
DA:326,0
DA:327,0
DA:328,0
LF:149
LH:1
end_of_record
SF:lib/features/auth/pages/login_page.dart
DA:18,0
DA:21,13
DA:23,0
DA:24,0
DA:33,0
DA:35,0
DA:36,0
DA:37,0
DA:40,0
DA:42,0
DA:43,0
DA:44,0
DA:45,0
DA:46,0
DA:47,0
DA:48,0
DA:55,0
DA:56,0
DA:59,0
DA:60,0
DA:61,0
DA:62,0
DA:63,0
DA:64,0
DA:67,0
DA:70,0
DA:71,0
DA:72,0
DA:76,0
DA:77,0
DA:78,0
DA:79,0
DA:80,0
DA:81,0
DA:82,0
DA:83,0
DA:84,0
DA:85,0
DA:86,0
DA:94,0
DA:95,0
DA:96,0
DA:99,0
DA:100,0
DA:101,0
DA:102,0
DA:103,0
DA:104,0
DA:105,0
DA:108,0
DA:110,0
DA:111,0
DA:119,0
DA:120,0
DA:121,0
DA:123,0
DA:124,0
DA:126,0
DA:128,0
DA:129,0
DA:130,0
DA:131,0
DA:134,0
DA:135,0
DA:141,0
DA:142,0
DA:143,0
DA:145,0
DA:146,0
DA:148,0
DA:150,0
DA:151,0
DA:152,0
DA:153,0
DA:154,0
DA:155,0
DA:156,0
DA:158,0
DA:159,0
DA:163,0
DA:164,0
DA:167,0
DA:168,0
DA:174,0
DA:175,0
DA:180,0
DA:182,0
DA:183,0
DA:184,0
DA:185,0
DA:190,0
DA:191,0
DA:193,0
DA:195,0
DA:196,0
DA:201,0
DA:202,0
DA:203,0
DA:205,0
DA:206,0
DA:208,0
DA:210,0
DA:211,0
DA:217,0
DA:218,0
DA:219,0
DA:220,0
DA:223,0
DA:224,0
DA:225,0
DA:226,0
DA:230,0
DA:232,0
DA:235,0
DA:236,0
DA:237,0
LF:116
LH:1
end_of_record
SF:lib/features/auth/widgets/logo_widget.dart
DA:8,0
DA:14,0
DA:16,0
DA:18,0
DA:19,0
LF:5
LH:0
end_of_record
SF:lib/features/auth/pages/register_page.dart
DA:21,0
DA:23,0
DA:26,0
DA:28,0
DA:39,12
DA:41,0
DA:42,0
DA:56,0
DA:57,0
DA:58,0
DA:59,0
DA:62,0
DA:63,0
DA:64,0
DA:65,0
DA:66,0
DA:67,0
DA:71,0
DA:72,0
DA:73,0
DA:74,0
DA:79,0
DA:80,0
DA:81,0
DA:83,0
DA:84,0
DA:85,0
DA:86,0
DA:91,0
DA:93,0
DA:94,0
DA:95,0
DA:96,0
DA:97,0
DA:103,0
DA:104,0
DA:105,0
DA:107,0
DA:109,0
DA:110,0
DA:111,0
DA:117,0
DA:118,0
DA:119,0
DA:120,0
DA:123,0
DA:124,0
DA:125,0
DA:127,0
DA:128,0
DA:130,0
DA:132,0
DA:134,0
DA:136,0
DA:138,0
DA:140,0
DA:142,0
DA:152,0
DA:153,0
DA:154,0
DA:155,0
DA:156,0
DA:157,0
DA:158,0
DA:159,0
DA:163,0
DA:164,0
DA:165,0
DA:171,0
DA:172,0
DA:173,0
DA:175,0
DA:176,0
DA:178,0
DA:180,0
DA:181,0
DA:182,0
DA:184,0
DA:185,0
DA:191,0
DA:192,0
DA:193,0
DA:195,0
DA:196,0
DA:198,0
DA:200,0
DA:201,0
DA:202,0
DA:203,0
DA:207,0
DA:208,0
DA:213,0
DA:215,0
DA:216,0
DA:217,0
DA:219,0
DA:220,0
DA:230,0
DA:231,0
DA:232,0
DA:234,0
DA:235,0
DA:237,0
DA:239,0
DA:240,0
DA:241,0
DA:242,0
DA:243,0
DA:244,0
DA:246,0
DA:247,0
DA:251,0
DA:252,0
DA:253,0
DA:255,0
DA:257,0
DA:258,0
DA:264,0
DA:265,0
DA:266,0
DA:268,0
DA:269,0
DA:270,0
DA:271,0
DA:272,0
DA:274,0
DA:275,0
DA:284,0
DA:286,0
DA:287,0
DA:288,0
DA:289,0
DA:291,0
DA:293,0
DA:294,0
DA:300,0
DA:301,0
DA:302,0
DA:303,0
DA:304,0
DA:305,0
DA:306,0
DA:307,0
DA:309,0
DA:310,0
DA:312,0
DA:313,0
DA:314,0
DA:320,0
DA:322,0
DA:323,0
DA:325,0
DA:327,0
DA:328,0
DA:329,0
DA:330,0
DA:331,0
DA:334,0
DA:348,0
DA:349,0
DA:350,0
DA:351,0
DA:352,0
DA:361,0
DA:362,0
DA:363,0
DA:365,0
DA:368,0
DA:369,0
DA:370,0
DA:372,0
DA:376,0
DA:377,0
DA:378,0
DA:380,0
DA:382,0
DA:383,0
DA:387,0
DA:388,0
DA:389,0
DA:391,0
DA:398,0
DA:399,0
DA:404,0
DA:406,0
DA:407,0
DA:408,0
DA:409,0
DA:414,0
DA:415,0
DA:416,0
DA:418,0
DA:419,0
DA:420,0
DA:421,0
DA:423,0
DA:425,0
DA:426,0
LF:198
LH:1
end_of_record
SF:lib/features/super_invites/providers/super_invites_providers.dart
DA:6,0
DA:7,0
DA:9,0
DA:12,0
DA:13,0
DA:14,0
DA:15,0
DA:18,0
DA:19,0
DA:20,0
DA:21,0
DA:22,0
DA:24,0
DA:27,0
DA:28,0
DA:29,0
DA:33,0
DA:34,0
DA:35,0
DA:37,0
DA:38,0
DA:42,0
DA:47,0
DA:48,0
DA:50,0
DA:52,0
DA:53,0
DA:55,0
DA:56,0
DA:57,0
DA:60,0
DA:61,0
DA:62,0
DA:63,0
LF:34
LH:0
end_of_record
SF:lib/features/auth/providers/notifiers/auth_notifier.dart
DA:10,0
DA:15,0
DA:17,0
DA:18,0
DA:21,0
DA:22,0
DA:23,0
DA:25,0
DA:26,0
DA:27,0
DA:30,0
DA:31,0
DA:32,0
DA:36,0
DA:37,0
DA:38,0
DA:40,0
DA:41,0
DA:42,0
DA:43,0
DA:44,0
DA:47,0
DA:51,0
DA:58,0
DA:59,0
DA:61,0
DA:62,0
DA:63,0
DA:66,0
DA:67,0
DA:71,0
DA:72,0
DA:73,0
DA:75,0
DA:76,0
DA:77,0
DA:78,0
DA:81,0
DA:82,0
DA:83,0
LF:40
LH:0
end_of_record
SF:lib/features/backups/dialogs/provide_recovery_key_dialog.dart
DA:9,0
DA:12,12
DA:14,0
DA:16,0
DA:24,0
DA:26,0
DA:27,0
DA:28,0
DA:29,0
DA:30,0
DA:31,0
DA:33,0
DA:36,0
DA:37,0
DA:39,0
DA:40,0
DA:41,0
DA:42,0
DA:43,0
DA:44,0
DA:45,0
DA:46,0
DA:48,0
DA:49,0
DA:54,0
DA:55,0
DA:62,0
DA:63,0
DA:64,0
DA:65,0
DA:67,0
DA:68,0
DA:69,0
DA:76,0
DA:77,0
DA:80,0
DA:81,0
DA:83,0
DA:84,0
DA:85,0
DA:87,0
DA:88,0
DA:91,0
DA:92,0
DA:93,0
DA:96,0
DA:97,0
DA:98,0
DA:101,0
DA:102,0
DA:107,0
DA:108,0
DA:109,0
DA:112,0
DA:113,0
DA:120,0
DA:121,0
DA:123,0
LF:58
LH:1
end_of_record
SF:lib/features/backups/providers/backup_manager_provider.dart
DA:4,0
DA:5,0
LF:2
LH:0
end_of_record
SF:lib/features/backups/dialogs/show_confirm_disabling.dart
DA:11,12
DA:13,0
DA:15,0
DA:16,0
DA:17,0
DA:18,0
DA:22,0
DA:25,0
DA:26,0
DA:32,0
DA:33,0
DA:34,0
DA:35,0
DA:37,0
DA:38,0
DA:39,0
DA:45,0
DA:46,0
DA:47,0
DA:49,0
DA:50,0
DA:51,0
DA:52,0
DA:55,0
DA:56,0
DA:59,0
DA:60,0
DA:61,0
DA:64,0
DA:65,0
DA:68,0
DA:73,0
DA:74,0
DA:76,0
LF:34
LH:1
end_of_record
SF:lib/features/backups/dialogs/show_recovery_key.dart
DA:10,0
DA:12,0
DA:14,0
DA:15,0
DA:16,0
DA:17,0
DA:19,0
DA:22,0
DA:23,0
DA:25,0
DA:26,0
DA:28,0
DA:29,0
DA:31,0
DA:32,0
DA:33,0
DA:35,0
DA:36,0
DA:47,0
DA:48,0
DA:49,0
DA:50,0
DA:57,0
DA:62,0
DA:64,0
LF:25
LH:0
end_of_record
SF:lib/features/backups/providers/backup_state_providers.dart
DA:5,0
DA:6,0
DA:7,0
DA:10,0
DA:11,0
DA:14,0
DA:15,0
LF:7
LH:0
end_of_record
SF:lib/features/backups/providers/notifiers/backup_state_notifier.dart
DA:8,0
DA:14,0
DA:17,0
DA:18,0
DA:19,0
DA:20,0
DA:21,0
DA:23,0
DA:24,0
DA:26,0
DA:27,0
DA:30,0
DA:31,0
LF:13
LH:0
end_of_record
SF:lib/features/backups/types.dart
DA:8,0
DA:10,0
DA:11,0
DA:12,0
LF:4
LH:0
end_of_record
SF:lib/features/bookmarks/actions/bookmarking.dart
DA:5,0
DA:9,0
DA:10,0
DA:13,0
DA:17,0
DA:18,0
LF:6
LH:0
end_of_record
SF:lib/features/bookmarks/providers/bookmarks_provider.dart
DA:7,0
DA:8,0
DA:9,0
DA:12,0
DA:13,0
DA:14,0
DA:15,0
DA:18,8
DA:19,4
DA:21,0
DA:22,0
LF:11
LH:2
end_of_record
SF:lib/features/bookmarks/types.dart
DA:12,1
DA:14,0
DA:16,0
DA:18,0
DA:20,0
LF:5
LH:1
end_of_record
SF:lib/features/bookmarks/providers/notifiers.dart
DA:11,0
DA:12,0
DA:15,0
DA:17,0
DA:19,0
DA:21,0
DA:22,0
DA:23,0
DA:26,0
LF:9
LH:0
end_of_record
SF:lib/features/bookmarks/widgets/bookmark_action.dart
DA:9,1
DA:14,1
DA:16,4
DA:19,0
DA:20,0
DA:25,1
DA:27,0
LF:7
LH:4
end_of_record
SF:lib/features/bug_report/actions/submit_bug_report.dart
DA:13,0
DA:15,0
DA:23,0
DA:25,0
DA:26,0
DA:33,0
DA:35,0
DA:37,0
DA:40,0
DA:42,0
DA:43,0
DA:44,0
DA:45,0
DA:47,0
DA:48,0
DA:49,0
DA:55,0
DA:57,0
DA:58,0
DA:59,0
DA:60,0
DA:62,0
DA:64,0
DA:65,0
DA:71,0
DA:72,0
DA:73,0
DA:75,0
DA:76,0
DA:77,0
DA:81,0
DA:82,0
DA:83,0
DA:84,0
DA:86,0
DA:89,0
DA:91,0
DA:92,0
DA:93,0
LF:39
LH:0
end_of_record
SF:lib/features/bug_report/pages/bug_report_page.dart
DA:14,0
DA:30,0
DA:37,0
DA:38,0
DA:51,0
DA:52,0
DA:53,0
DA:55,0
DA:56,0
DA:57,0
DA:58,0
DA:59,0
DA:61,0
DA:62,0
DA:65,0
DA:66,0
DA:68,0
DA:69,0
DA:70,0
DA:71,0
DA:72,0
DA:73,0
DA:76,0
DA:77,0
DA:78,0
DA:80,0
[...]
DA:218,0
DA:221,0
DA:222,0
DA:223,0
DA:227,0
DA:228,0
DA:230,0
DA:231,0
DA:232,0
DA:233,0
DA:235,0
DA:236,0
DA:237,0
DA:240,0
DA:242,0
DA:243,0
DA:244,0
DA:245,0
DA:248,0
DA:251,0
DA:252,0
DA:253,0
DA:256,0
DA:262,0
DA:263,0
DA:264,0
DA:266,0
DA:267,0
DA:270,0
DA:272,0
DA:273,0
DA:276,0
DA:278,0
DA:279,0
DA:282,0
DA:284,0
DA:285,0
DA:291,0
DA:292,0
DA:294,0
DA:295,0
DA:296,0
DA:297,0
DA:300,0
DA:302,0
DA:303,0
DA:309,0
DA:310,0
DA:311,0
DA:312,0
DA:313,0
DA:314,0
DA:315,0
DA:316,0
DA:317,0
DA:318,0
DA:320,0
DA:322,0
DA:323,0
DA:324,0
LF:145
LH:0
end_of_record
SF:lib/features/spaces/pages/spaces_page.dart
DA:15,12
DA:17,0
DA:18,0
DA:22,0
DA:24,0
DA:25,0
DA:26,0
DA:27,0
DA:30,0
DA:31,0
DA:35,0
DA:36,0
DA:37,0
DA:39,0
DA:40,0
DA:41,0
DA:42,0
DA:48,0
DA:49,0
DA:50,0
DA:51,0
DA:52,0
DA:53,0
DA:62,0
DA:64,0
DA:70,0
DA:72,0
DA:73,0
DA:74,0
DA:77,0
DA:78,0
DA:79,0
DA:80,0
DA:84,0
DA:86,0
DA:87,0
DA:89,0
DA:91,0
DA:92,0
DA:93,0
DA:94,0
DA:96,0
LF:42
LH:1
end_of_record
SF:lib/features/spaces/pages/sub_spaces_page.dart
DA:22,0
DA:30,1
DA:32,1
DA:34,1
DA:35,1
DA:36,1
DA:40,1
DA:41,5
DA:42,4
DA:44,2
DA:45,1
DA:47,1
DA:49,1
DA:50,3
DA:51,1
DA:52,1
DA:54,3
DA:58,1
DA:59,1
DA:60,2
DA:61,0
DA:62,0
DA:63,0
DA:66,0
DA:71,0
DA:72,0
DA:73,0
DA:75,0
DA:76,0
DA:77,0
DA:79,0
DA:80,0
DA:81,0
DA:83,0
DA:84,0
DA:85,0
DA:87,0
DA:91,0
DA:93,0
DA:94,0
DA:95,0
DA:97,0
DA:98,0
DA:99,0
DA:101,0
DA:105,0
DA:106,0
DA:107,0
DA:108,0
DA:110,0
DA:111,0
DA:114,0
DA:118,0
DA:119,0
DA:120,0
DA:121,0
DA:122,0
DA:123,0
DA:126,0
DA:127,0
DA:128,0
DA:130,0
DA:138,1
DA:139,1
DA:140,2
DA:142,1
DA:148,1
DA:149,2
DA:152,1
DA:153,1
DA:154,2
DA:156,0
DA:157,0
DA:158,0
DA:160,0
DA:164,1
DA:170,4
DA:171,1
DA:172,1
DA:173,0
DA:175,6
DA:176,1
DA:178,2
DA:179,1
DA:181,1
DA:183,2
DA:184,2
DA:185,3
DA:187,1
DA:195,1
DA:201,5
DA:202,1
DA:204,0
DA:205,0
DA:206,0
DA:209,1
DA:210,1
DA:212,1
DA:213,1
DA:214,1
DA:218,1
DA:220,0
DA:221,3
DA:222,1
DA:223,1
DA:224,1
DA:227,1
DA:228,1
DA:229,2
DA:233,1
DA:234,1
DA:235,1
DA:236,2
DA:238,1
DA:239,1
DA:240,0
DA:241,0
DA:242,0
DA:243,0
DA:246,1
DA:247,1
DA:256,1
DA:257,1
DA:262,1
DA:264,1
LF:125
LH:69
end_of_record
SF:lib/features/super_invites/dialogs/redeem_dialog.dart
DA:15,0
DA:20,0
DA:22,0
DA:24,0
DA:25,0
DA:26,0
DA:27,0
DA:31,0
DA:34,0
DA:35,0
DA:36,0
DA:37,0
DA:38,0
DA:39,0
DA:40,0
DA:42,0
DA:43,0
DA:46,0
DA:48,0
DA:50,0
DA:52,0
DA:53,0
DA:54,0
DA:55,0
DA:70,0
DA:71,0
DA:72,0
DA:73,0
DA:75,0
DA:77,0
DA:78,0
DA:84,0
DA:85,0
DA:86,0
DA:87,0
DA:89,0
DA:90,0
DA:92,0
DA:93,0
DA:94,0
DA:97,0
DA:98,0
DA:99,0
DA:100,0
DA:112,0
DA:113,0
DA:115,0
DA:117,0
DA:118,0
DA:119,0
DA:122,0
DA:123,0
DA:125,0
DA:127,0
DA:128,0
DA:129,0
DA:132,0
DA:133,0
DA:140,0
DA:145,0
DA:147,0
DA:148,0
LF:62
LH:0
end_of_record
SF:lib/features/super_invites/pages/create.dart
DA:21,0
DA:24,0
DA:25,0
DA:26,0
DA:27,0
DA:28,0
DA:29,0
DA:30,0
DA:31,0
DA:35,0
DA:37,0
DA:39,0
DA:53,0
DA:55,0
DA:56,0
DA:57,0
DA:60,0
DA:61,0
DA:62,0
DA:63,0
DA:64,0
DA:65,0
DA:66,0
DA:68,0
DA:72,0
DA:74,0
DA:75,0
DA:76,0
DA:77,0
DA:78,0
DA:79,0
DA:81,0
DA:84,0
DA:85,0
DA:86,0
DA:87,0
DA:88,0
DA:90,0
DA:91,0
DA:93,0
DA:95,0
DA:96,0
DA:97,0
DA:98,0
DA:99,0
DA:101,0
DA:102,0
DA:104,0
DA:107,0
DA:108,0
DA:109,0
DA:111,0
DA:113,0
DA:114,0
DA:117,0
DA:118,0
DA:119,0
DA:120,0
DA:121,0
DA:122,0
DA:125,0
DA:126,0
DA:127,0
DA:130,0
DA:131,0
DA:134,0
DA:143,0
DA:144,0
DA:145,0
DA:146,0
DA:147,0
DA:151,0
DA:154,0
DA:155,0
DA:156,0
DA:157,0
DA:164,0
DA:165,0
DA:166,0
DA:167,0
DA:168,0
DA:172,0
DA:175,0
DA:176,0
DA:177,0
DA:178,0
DA:185,0
DA:192,0
DA:193,0
DA:195,0
DA:196,0
DA:198,0
DA:200,0
DA:201,0
DA:210,0
DA:211,0
DA:213,0
DA:214,0
DA:216,0
DA:223,0
DA:224,0
DA:227,0
DA:228,0
DA:229,0
DA:231,0
DA:232,0
DA:233,0
DA:234,0
DA:235,0
DA:238,0
DA:240,0
DA:245,0
DA:249,0
DA:250,0
DA:252,0
DA:253,0
DA:254,0
DA:255,0
DA:256,0
DA:258,0
DA:262,0
DA:263,0
DA:267,0
DA:268,0
DA:269,0
DA:270,0
DA:271,0
DA:278,0
DA:279,0
DA:280,0
DA:281,0
DA:282,0
DA:283,0
DA:288,0
DA:290,0
DA:291,0
DA:293,0
DA:294,0
DA:295,0
DA:298,0
DA:299,0
DA:300,0
DA:301,0
DA:302,0
DA:303,0
DA:305,0
DA:306,0
DA:308,0
DA:310,0
DA:311,0
DA:314,0
DA:315,0
DA:316,0
DA:317,0
DA:324,0
DA:325,0
DA:328,0
DA:329,0
DA:330,0
DA:331,0
DA:332,0
DA:335,0
DA:336,0
DA:337,0
DA:338,0
DA:339,0
DA:342,0
DA:343,0
DA:344,0
DA:345,0
DA:347,0
DA:348,0
DA:355,0
DA:359,0
DA:361,0
DA:363,0
DA:364,0
DA:365,0
DA:366,0
DA:367,0
DA:368,0
DA:370,0
DA:371,0
DA:372,0
DA:375,0
DA:376,0
LF:186
LH:0
end_of_record
SF:lib/features/super_invites/pages/super_invites.dart
DA:14,0
DA:17,0
DA:19,12
DA:21,0
DA:23,0
DA:24,0
DA:26,0
DA:27,0
DA:29,0
DA:31,0
DA:32,0
DA:35,0
DA:36,0
DA:37,0
DA:40,0
DA:41,0
DA:44,0
DA:45,0
DA:46,0
DA:51,0
DA:52,0
DA:54,0
DA:55,0
DA:56,0
DA:57,0
DA:58,0
DA:60,0
DA:64,0
DA:65,0
DA:66,0
DA:68,0
DA:69,0
DA:71,0
DA:72,0
DA:73,0
DA:75,0
DA:77,0
DA:78,0
DA:80,0
DA:82,0
DA:84,0
DA:86,0
DA:87,0
DA:88,0
DA:93,0
DA:94,0
DA:95,0
DA:96,0
DA:101,0
DA:108,0
DA:111,0
DA:112,0
DA:113,0
DA:114,0
DA:115,0
DA:119,0
LF:56
LH:1
end_of_record
SF:lib/features/super_invites/widgets/redeem_token.dart
DA:10,0
DA:11,0
DA:14,12
DA:16,0
DA:17,0
DA:26,0
DA:28,0
DA:29,0
DA:30,0
DA:31,0
DA:32,0
DA:33,0
DA:34,0
DA:36,0
DA:37,0
DA:39,0
DA:41,0
DA:42,0
DA:43,0
DA:44,0
DA:51,0
DA:52,0
DA:53,0
DA:54,0
DA:56,0
LF:25
LH:1
end_of_record
SF:lib/features/tasks/actions/update_tasklist.dart
DA:11,0
DA:13,0
DA:20,0
DA:23,0
DA:24,0
DA:25,0
DA:26,0
DA:28,0
DA:29,0
DA:32,0
DA:33,0
DA:34,0
DA:35,0
DA:37,0
DA:38,0
DA:39,0
DA:42,0
DA:43,0
DA:49,0
DA:54,0
DA:55,0
DA:56,0
DA:58,0
DA:59,0
DA:60,0
DA:61,0
DA:63,0
DA:64,0
DA:65,0
DA:68,0
DA:69,0
LF:31
LH:0
end_of_record
SF:lib/features/tasks/models/tasks.dart
DA:8,0
LF:1
LH:0
end_of_record
SF:lib/features/tasks/pages/task_item_detail_page.dart
DA:25,3
DA:31,1
DA:37,1
DA:40,5
DA:41,1
DA:42,1
DA:43,1
DA:47,1
DA:52,1
DA:53,2
DA:54,1
DA:55,1
DA:56,0
DA:60,0
DA:62,1
DA:65,1
DA:66,1
DA:67,1
DA:68,3
DA:70,1
DA:71,1
DA:78,1
DA:79,2
DA:80,3
DA:88,1
DA:89,1
DA:91,0
DA:92,0
DA:93,0
DA:94,0
DA:95,0
DA:97,0
DA:98,0
DA:99,0
DA:100,0
DA:103,0
DA:104,0
DA:105,0
DA:108,0
DA:109,0
DA:110,0
DA:111,0
DA:112,0
DA:115,0
DA:116,0
DA:121,0
DA:122,0
DA:123,0
DA:126,0
DA:127,0
DA:128,0
DA:129,0
DA:130,0
DA:138,1
DA:139,2
DA:140,1
DA:141,3
DA:144,2
DA:145,3
DA:151,0
DA:156,0
DA:158,0
DA:159,0
DA:160,0
DA:162,0
DA:163,0
DA:169,0
DA:173,0
DA:175,0
DA:176,0
DA:177,0
DA:178,0
DA:179,0
DA:184,1
DA:189,1
DA:190,2
DA:191,1
DA:192,2
DA:193,1
DA:197,1
DA:198,1
DA:199,4
DA:204,1
DA:208,1
DA:209,1
DA:210,1
DA:212,1
DA:213,1
DA:215,1
DA:217,1
DA:218,1
DA:220,2
DA:222,2
DA:230,1
DA:231,1
DA:233,0
DA:235,0
DA:237,0
DA:238,0
DA:239,0
DA:240,0
DA:241,0
DA:244,0
DA:246,0
DA:248,0
DA:249,0
DA:250,0
DA:259,0
DA:264,0
DA:266,0
DA:267,0
DA:268,0
DA:269,0
DA:280,0
DA:287,0
DA:289,0
DA:290,0
DA:291,0
DA:292,0
DA:293,0
DA:295,0
DA:296,0
DA:297,0
DA:300,0
DA:301,0
DA:307,1
DA:308,1
DA:311,1
DA:312,2
DA:313,3
DA:315,1
DA:317,1
DA:318,1
DA:319,0
DA:320,2
DA:321,3
DA:324,0
DA:328,0
DA:329,0
DA:331,0
DA:332,0
DA:333,0
DA:335,0
DA:337,0
DA:339,0
DA:340,0
DA:341,0
DA:342,0
DA:343,0
DA:344,0
DA:346,0
DA:347,0
DA:349,0
DA:351,0
DA:352,0
DA:353,0
DA:356,0
DA:358,0
DA:359,0
DA:360,0
DA:363,0
DA:364,0
DA:370,1
DA:371,1
DA:374,1
DA:375,1
DA:376,1
DA:377,2
DA:378,3
DA:381,1
DA:382,0
DA:383,0
DA:384,0
DA:385,1
DA:386,1
DA:387,0
DA:388,2
DA:393,1
DA:394,0
DA:395,1
DA:396,2
DA:397,3
DA:402,0
DA:403,0
DA:404,0
DA:406,0
DA:408,0
DA:410,0
DA:411,0
DA:412,0
DA:414,0
DA:416,0
DA:418,0
DA:422,0
DA:426,0
DA:427,0
DA:429,0
DA:430,0
DA:431,0
DA:433,0
DA:434,0
DA:435,0
DA:438,0
DA:439,0
DA:445,0
DA:446,0
DA:448,0
DA:449,0
DA:450,0
DA:452,0
DA:453,0
DA:454,0
DA:457,0
DA:458,0
DA:464,0
DA:470,0
DA:472,0
DA:474,0
DA:478,0
DA:484,0
DA:485,0
DA:486,0
DA:488,0
DA:489,0
DA:490,0
DA:491,0
DA:493,0
DA:494,0
DA:495,0
DA:498,0
DA:499,0
LF:231
LH:77
end_of_record
SF:lib/features/tasks/providers/task_items_providers.dart
DA:8,2
DA:9,2
DA:10,1
DA:17,2
DA:18,1
DA:19,0
DA:23,2
DA:24,3
DA:26,4
DA:27,1
DA:29,4
DA:32,0
DA:33,0
DA:34,0
LF:14
LH:10
end_of_record
SF:lib/features/tasks/widgets/due_picker.dart
DA:11,0
DA:20,0
DA:25,0
DA:27,0
DA:29,0
DA:33,0
DA:34,0
DA:35,0
DA:37,0
DA:41,0
DA:43,0
DA:45,0
DA:49,0
DA:51,0
DA:52,0
DA:53,0
DA:54,0
DA:57,0
DA:58,0
DA:60,0
DA:61,0
DA:62,0
DA:64,0
DA:67,0
DA:75,0
DA:76,0
DA:77,0
DA:79,0
DA:81,0
DA:83,0
DA:86,0
DA:88,0
DA:90,0
DA:93,0
DA:98,0
DA:103,0
DA:105,0
DA:109,0
DA:110,0
DA:114,0
DA:115,0
DA:116,0
DA:118,0
DA:119,0
DA:126,0
DA:131,0
DA:138,0
LF:47
LH:0
end_of_record
SF:lib/features/tasks/widgets/skeleton/task_item_detail_page_skeleton.dart
DA:7,12
DA:9,1
DA:11,1
DA:12,1
DA:13,1
DA:14,1
DA:16,3
DA:18,1
DA:21,3
DA:22,3
DA:24,1
DA:27,3
DA:28,3
DA:29,3
LF:14
LH:14
end_of_record
SF:lib/features/tasks/pages/task_list_details_page.dart
DA:24,3
DA:31,1
DA:34,0
DA:36,1
DA:37,1
DA:43,1
DA:45,1
DA:46,1
DA:47,1
DA:51,1
DA:52,6
DA:53,1
DA:54,1
DA:55,1
DA:56,4
DA:57,1
DA:58,1
DA:59,1
DA:60,1
DA:62,1
DA:63,1
DA:65,1
DA:66,1
DA:67,2
DA:69,1
DA:70,1
DA:73,0
DA:74,0
DA:75,0
DA:76,0
DA:85,1
DA:86,1
DA:87,0
DA:88,0
DA:89,0
DA:91,0
DA:93,1
DA:95,1
DA:96,4
DA:102,1
DA:103,1
DA:105,0
DA:106,0
DA:107,0
DA:108,0
DA:109,0
DA:110,0
DA:111,0
DA:114,0
DA:115,0
DA:116,0
DA:117,0
DA:118,0
DA:121,0
DA:122,0
DA:123,0
DA:124,0
DA:125,0
DA:134,1
DA:135,2
DA:136,1
DA:137,4
DA:140,2
DA:141,4
DA:147,0
DA:148,0
DA:149,0
DA:150,0
DA:151,0
DA:152,0
DA:153,0
DA:159,0
DA:160,0
DA:161,0
DA:162,0
DA:163,0
DA:164,0
DA:165,0
DA:166,0
DA:171,1
DA:172,6
DA:173,1
DA:174,2
DA:175,1
DA:176,2
DA:177,1
DA:178,4
DA:181,1
DA:182,6
DA:186,5
DA:190,1
DA:191,1
DA:192,1
DA:194,1
DA:195,1
DA:197,1
DA:198,1
DA:205,1
DA:206,1
DA:208,0
DA:210,0
DA:212,0
DA:213,0
DA:214,0
DA:215,0
DA:216,0
DA:219,0
DA:221,0
DA:223,0
DA:224,0
DA:225,0
DA:236,0
DA:237,0
DA:238,0
DA:239,0
DA:240,0
DA:241,0
DA:242,0
DA:247,0
DA:252,0
DA:254,0
DA:255,0
DA:256,0
DA:257,0
DA:258,0
DA:260,0
DA:261,0
DA:262,0
DA:265,0
DA:266,0
DA:272,1
DA:273,1
DA:274,1
DA:275,1
DA:276,1
DA:277,1
DA:278,1
DA:279,1
DA:286,2
DA:288,2
DA:294,1
DA:295,1
DA:297,1
DA:298,1
DA:299,3
DA:301,1
DA:302,1
DA:303,1
DA:304,1
DA:305,0
DA:306,1
DA:312,1
DA:314,0
DA:315,2
DA:317,1
DA:327,0
DA:333,0
DA:335,0
DA:337,0
LF:159
LH:81
end_of_record
SF:lib/features/tasks/widgets/task_items_list_widget.dart
DA:15,3
DA:21,1
DA:27,1
DA:29,1
DA:35,1
DA:37,6
DA:38,1
DA:39,0
DA:40,1
DA:41,2
DA:42,3
DA:44,1
DA:48,0
DA:49,0
DA:52,0
DA:53,0
DA:54,0
DA:55,0
DA:60,0
DA:61,0
DA:64,0
DA:65,0
DA:66,0
DA:67,0
DA:68,0
DA:69,0
DA:77,0
DA:78,0
DA:79,0
DA:80,0
DA:81,0
DA:83,0
DA:84,0
DA:85,0
DA:87,0
DA:93,0
DA:94,0
DA:95,0
DA:96,0
DA:103,0
DA:104,0
DA:107,0
DA:108,0
DA:109,0
DA:111,0
DA:112,0
DA:119,0
DA:120,0
DA:130,0
DA:131,0
DA:134,0
DA:145,0
DA:150,0
DA:151,0
DA:159,0
DA:161,0
DA:162,0
DA:165,0
DA:167,0
DA:168,0
DA:169,0
DA:170,0
DA:171,0
DA:172,0
DA:174,0
DA:176,0
DA:181,0
DA:182,0
DA:183,0
DA:185,0
DA:186,0
DA:187,0
DA:195,0
DA:196,0
DA:197,0
DA:204,0
DA:205,0
DA:206,0
DA:207,0
DA:211,0
DA:212,0
DA:218,0
DA:219,0
DA:220,0
DA:222,0
DA:224,0
DA:225,0
DA:226,0
DA:227,0
DA:232,0
DA:233,0
DA:234,0
DA:236,0
LF:93
LH:11
end_of_record
SF:lib/features/tasks/pages/tasks_list_page.dart
DA:21,3
DA:29,13
DA:31,1
DA:32,1
DA:37,4
DA:40,1
DA:42,1
DA:43,1
DA:44,1
DA:48,1
DA:49,1
DA:51,1
DA:54,1
DA:55,4
DA:56,2
DA:57,1
DA:58,2
DA:62,1
DA:63,1
DA:64,1
DA:65,1
DA:66,1
DA:67,0
DA:68,1
DA:74,1
DA:76,0
DA:77,2
DA:79,1
DA:85,1
DA:87,2
DA:89,0
DA:90,0
DA:91,0
DA:98,1
DA:99,2
DA:100,2
DA:101,3
DA:104,1
DA:106,1
DA:107,1
DA:108,0
DA:109,0
DA:110,0
DA:112,1
DA:113,1
DA:114,2
DA:115,1
DA:116,2
DA:117,1
DA:121,1
DA:122,3
DA:126,1
DA:133,1
DA:134,3
DA:135,3
DA:138,2
DA:140,0
DA:142,0
DA:143,0
DA:144,0
DA:145,0
DA:146,0
DA:147,0
DA:148,0
DA:151,0
DA:159,1
DA:161,2
DA:162,2
DA:163,2
DA:165,2
DA:167,1
DA:169,1
DA:170,2
DA:171,3
DA:172,3
DA:173,3
DA:176,0
DA:177,0
DA:178,0
DA:179,0
DA:181,0
LF:81
LH:59
end_of_record
SF:lib/features/tasks/widgets/skeleton/tasks_list_skeleton.dart
DA:6,12
DA:8,1
DA:10,1
DA:11,1
DA:12,1
DA:13,1
DA:14,1
DA:15,1
DA:16,1
DA:17,1
DA:23,1
LF:11
LH:11
end_of_record
SF:lib/features/tasks/providers/notifiers.dart
DA:10,0
DA:18,0
DA:19,0
DA:20,0
DA:21,0
DA:22,0
DA:23,0
DA:24,0
DA:25,0
DA:27,0
DA:33,0
DA:36,1
DA:40,1
DA:41,0
DA:42,0
DA:43,0
DA:44,0
DA:45,0
DA:46,0
DA:49,0
DA:50,0
DA:52,0
DA:53,0
DA:56,0
DA:57,0
DA:66,0
DA:67,0
DA:70,0
DA:73,0
DA:74,0
DA:75,0
DA:76,0
DA:77,0
DA:78,0
DA:79,0
DA:81,0
DA:82,0
DA:84,0
DA:85,0
DA:88,0
DA:98,0
DA:102,0
DA:103,0
DA:104,0
DA:105,0
DA:106,0
DA:108,0
DA:109,0
DA:111,0
DA:112,0
DA:115,0
DA:126,0
DA:128,0
DA:131,0
DA:133,0
DA:134,0
DA:135,0
DA:137,0
DA:138,0
DA:140,0
DA:141,0
DA:144,0
DA:146,0
DA:149,0
DA:151,0
LF:65
LH:2
end_of_record
SF:lib/features/tasks/sheets/create_update_task_item.dart
DA:12,0
DA:14,0
DA:21,0
DA:26,0
DA:27,0
DA:43,0
DA:51,0
DA:53,0
DA:66,0
DA:68,0
DA:69,0
DA:70,0
DA:73,0
DA:74,0
DA:75,0
DA:76,0
DA:78,0
DA:79,0
DA:80,0
DA:81,0
DA:86,0
DA:88,0
DA:91,0
DA:92,0
DA:94,0
DA:95,0
DA:96,0
DA:97,0
DA:100,0
DA:108,0
DA:109,0
DA:110,0
DA:111,0
DA:113,0
DA:116,0
DA:118,0
DA:120,0
DA:122,0
DA:131,0
DA:132,0
DA:134,0
DA:135,0
DA:136,0
DA:137,0
DA:140,0
DA:142,0
DA:143,0
DA:146,0
DA:148,0
DA:149,0
DA:156,0
DA:157,0
DA:159,0
DA:160,0
DA:161,0
DA:162,0
DA:165,0
DA:166,0
DA:167,0
DA:171,0
DA:177,0
DA:178,0
DA:180,0
DA:181,0
DA:182,0
DA:183,0
DA:186,0
DA:188,0
DA:189,0
DA:190,0
DA:191,0
DA:195,0
DA:196,0
DA:198,0
DA:200,0
DA:201,0
DA:202,0
DA:203,0
DA:204,0
DA:206,0
DA:208,0
DA:209,0
DA:210,0
DA:211,0
DA:213,0
DA:221,0
DA:222,0
DA:223,0
DA:224,0
DA:226,0
DA:227,0
DA:228,0
DA:229,0
DA:230,0
DA:234,0
DA:235,0
DA:236,0
DA:237,0
DA:238,0
DA:239,0
DA:240,0
DA:245,0
DA:246,0
DA:247,0
DA:248,0
DA:249,0
DA:250,0
DA:251,0
DA:253,0
DA:254,0
DA:255,0
DA:256,0
DA:257,0
DA:261,0
DA:262,0
DA:263,0
DA:264,0
DA:265,0
DA:267,0
DA:268,0
DA:269,0
DA:272,0
DA:273,0
DA:279,0
DA:280,0
DA:281,0
DA:282,0
DA:283,0
DA:284,0
DA:285,0
DA:287,0
DA:288,0
DA:289,0
DA:290,0
DA:291,0
DA:295,0
DA:296,0
DA:297,0
DA:298,0
DA:300,0
DA:301,0
DA:302,0
DA:305,0
DA:306,0
LF:144
LH:0
end_of_record
SF:lib/features/tasks/widgets/skeleton/task_items_skeleton.dart
DA:6,12
DA:8,1
DA:10,1
DA:11,1
DA:12,1
DA:13,1
DA:14,1
DA:15,1
DA:21,1
DA:22,1
DA:24,3
DA:25,3
LF:12
LH:12
end_of_record
SF:lib/router/general_router.dart
DA:30,0
DA:31,0
DA:32,0
DA:33,0
DA:34,0
DA:37,0
DA:38,0
DA:39,0
DA:40,0
DA:41,0
DA:43,0
DA:44,0
DA:45,0
DA:46,0
DA:47,0
DA:49,0
DA:50,0
DA:51,0
DA:52,0
DA:53,0
DA:55,0
DA:56,0
DA:57,0
DA:58,0
DA:59,0
DA:61,0
DA:62,0
DA:63,0
DA:64,0
DA:65,0
DA:67,0
DA:68,0
DA:69,0
DA:70,0
DA:71,0
DA:72,0
DA:74,0
DA:75,0
DA:76,0
DA:77,0
DA:78,0
DA:80,0
DA:81,0
DA:82,0
DA:83,0
DA:84,0
DA:86,0
DA:87,0
DA:88,0
DA:89,0
DA:90,0
DA:92,0
DA:93,0
DA:94,0
DA:95,0
DA:96,0
DA:97,0
DA:98,0
DA:99,0
DA:100,0
DA:104,0
DA:105,0
DA:106,0
DA:107,0
DA:108,0
DA:109,0
DA:110,0
DA:113,0
DA:114,0
DA:115,0
DA:116,0
DA:117,0
DA:118,0
DA:121,0
DA:122,0
DA:123,0
DA:124,0
DA:125,0
DA:126,0
DA:127,0
DA:128,0
DA:129,0
DA:134,0
DA:135,0
DA:136,0
DA:137,0
DA:138,0
DA:139,0
DA:140,0
DA:141,0
DA:142,0
DA:143,0
DA:146,0
DA:152,0
DA:153,0
DA:158,0
DA:159,0
DA:160,0
DA:161,0
DA:162,0
DA:163,0
DA:164,0
DA:165,0
DA:166,0
DA:167,0
DA:170,0
DA:176,0
DA:177,0
DA:184,0
DA:185,0
DA:186,0
DA:187,0
DA:188,0
DA:189,0
DA:190,0
DA:191,0
DA:192,0
DA:193,0
DA:196,0
DA:202,0
DA:203,0
DA:210,0
DA:211,0
DA:212,0
DA:213,0
DA:214,0
DA:215,0
DA:216,0
DA:217,0
DA:218,0
DA:219,0
DA:222,0
DA:228,0
DA:229,0
DA:236,0
DA:237,0
DA:238,0
DA:239,0
DA:241,0
DA:242,0
DA:243,0
DA:244,0
DA:245,0
DA:247,0
DA:252,0
DA:253,0
DA:254,0
DA:255,0
DA:256,0
DA:257,0
DA:258,0
DA:260,0
DA:261,0
DA:262,0
DA:265,0
DA:267,0
DA:271,0
DA:272,0
DA:273,0
DA:274,0
DA:279,0
DA:280,0
DA:281,0
DA:286,0
DA:287,0
DA:288,0
DA:289,0
DA:290,0
DA:291,0
DA:292,0
DA:293,0
DA:294,0
DA:299,0
DA:300,0
DA:301,0
DA:302,0
DA:303,0
DA:305,0
DA:309,0
DA:310,0
DA:312,0
LF:181
LH:0
end_of_record
SF:lib/router/shell_routers/activities_shell_router.dart
DA:6,0
DA:7,0
DA:8,0
DA:9,0
DA:11,0
DA:12,0
DA:13,0
LF:7
LH:0
end_of_record
SF:lib/router/shell_routers/chat_shell_router.dart
DA:14,0
DA:15,0
DA:16,0
DA:17,0
DA:19,0
DA:20,0
DA:21,0
DA:22,0
DA:23,0
DA:24,0
DA:29,0
DA:30,0
DA:31,0
DA:33,0
DA:34,0
DA:36,0
DA:37,0
DA:38,0
DA:39,0
DA:40,0
DA:41,0
DA:42,0
DA:49,0
DA:50,0
DA:51,0
DA:53,0
DA:54,0
DA:55,0
DA:56,0
DA:57,0
DA:58,0
DA:59,0
DA:60,0
DA:61,0
DA:64,0
DA:71,0
DA:72,0
DA:73,0
DA:75,0
DA:76,0
DA:78,0
DA:79,0
DA:80,0
DA:81,0
DA:82,0
DA:83,0
DA:84,0
DA:87,0
DA:95,0
DA:96,0
DA:97,0
DA:99,0
DA:100,0
DA:102,0
DA:103,0
DA:104,0
DA:105,0
DA:106,0
DA:107,0
DA:108,0
DA:115,0
DA:116,0
DA:117,0
DA:119,0
DA:120,0
DA:122,0
DA:123,0
DA:124,0
DA:125,0
DA:126,0
DA:127,0
DA:128,0
DA:129,0
DA:136,0
DA:137,0
DA:138,0
DA:140,0
DA:141,0
DA:143,0
DA:144,0
DA:145,0
DA:146,0
DA:147,0
DA:148,0
DA:149,0
DA:152,0
DA:160,0
DA:161,0
DA:162,0
DA:164,0
DA:165,0
DA:166,0
DA:167,0
DA:168,0
LF:94
LH:0
end_of_record
SF:lib/router/shell_routers/home_shell_router.dart
DA:50,0
DA:51,0
DA:52,0
DA:53,0
DA:55,0
DA:56,0
DA:57,0
DA:64,0
DA:65,0
DA:66,0
DA:68,0
DA:69,0
DA:70,0
DA:75,0
DA:76,0
DA:77,0
DA:79,0
DA:80,0
DA:81,0
DA:86,0
DA:87,0
DA:88,0
DA:90,0
DA:91,0
DA:92,0
DA:97,0
DA:98,0
DA:99,0
DA:101,0
DA:102,0
DA:103,0
DA:108,0
DA:109,0
DA:110,0
DA:112,0
DA:113,0
DA:114,0
DA:119,0
DA:120,0
DA:121,0
DA:123,0
DA:124,0
DA:125,0
DA:130,0
DA:131,0
DA:132,0
DA:134,0
DA:135,0
DA:136,0
DA:141,0
DA:142,0
DA:143,0
DA:145,0
DA:146,0
DA:147,0
DA:152,0
DA:153,0
DA:154,0
DA:156,0
DA:157,0
DA:158,0
DA:163,0
DA:164,0
DA:165,0
DA:167,0
DA:168,0
DA:169,0
DA:174,0
DA:175,0
DA:176,0
DA:178,0
DA:179,0
DA:180,0
DA:185,0
DA:186,0
DA:187,0
DA:189,0
DA:190,0
DA:191,0
DA:196,0
DA:197,0
DA:198,0
DA:200,0
DA:201,0
DA:202,0
DA:207,0
DA:208,0
DA:209,0
DA:211,0
DA:212,0
DA:213,0
DA:218,0
DA:219,0
DA:220,0
DA:222,0
DA:223,0
DA:224,0
DA:225,0
DA:226,0
DA:231,0
DA:232,0
DA:233,0
DA:235,0
DA:236,0
DA:237,0
DA:238,0
DA:239,0
DA:244,0
DA:245,0
DA:246,0
DA:248,0
DA:249,0
DA:250,0
DA:251,0
DA:252,0
DA:253,0
DA:254,0
DA:259,0
DA:260,0
DA:261,0
DA:263,0
DA:264,0
DA:265,0
DA:266,0
DA:267,0
DA:272,0
DA:273,0
DA:274,0
DA:276,0
DA:277,0
DA:278,0
DA:279,0
DA:280,0
DA:285,0
DA:286,0
DA:287,0
DA:289,0
DA:290,0
DA:291,0
DA:292,0
DA:293,0
DA:298,0
DA:299,0
DA:300,0
DA:302,0
DA:303,0
DA:304,0
DA:305,0
DA:306,0
DA:311,0
DA:312,0
DA:313,0
DA:315,0
DA:316,0
DA:317,0
DA:318,0
DA:319,0
DA:324,0
DA:325,0
DA:326,0
DA:328,0
DA:329,0
DA:330,0
DA:331,0
DA:332,0
DA:337,0
DA:338,0
DA:339,0
DA:341,0
DA:342,0
DA:343,0
DA:344,0
DA:345,0
DA:350,0
DA:351,0
DA:352,0
DA:354,0
DA:355,0
DA:356,0
DA:362,0
DA:363,0
DA:364,0
DA:366,0
DA:367,0
DA:368,0
DA:369,0
DA:370,0
DA:375,0
DA:376,0
DA:377,0
DA:379,0
DA:380,0
DA:381,0
DA:382,0
DA:383,0
DA:388,0
DA:389,0
DA:390,0
DA:392,0
DA:393,0
DA:394,0
DA:395,0
DA:396,0
DA:397,0
DA:400,0
DA:407,0
DA:408,0
DA:409,0
DA:411,0
DA:412,0
DA:413,0
DA:414,0
DA:415,0
DA:420,0
DA:421,0
DA:422,0
DA:424,0
DA:425,0
DA:426,0
DA:431,0
DA:432,0
DA:433,0
DA:435,0
DA:436,0
DA:437,0
DA:438,0
DA:439,0
DA:440,0
DA:445,0
DA:446,0
DA:447,0
DA:449,0
DA:450,0
DA:451,0
DA:452,0
DA:453,0
DA:458,0
DA:459,0
DA:460,0
DA:462,0
DA:463,0
DA:464,0
DA:469,0
DA:470,0
DA:471,0
DA:473,0
DA:474,0
DA:475,0
DA:476,0
DA:480,0
DA:481,0
DA:482,0
DA:484,0
DA:485,0
DA:486,0
DA:491,0
DA:492,0
DA:493,0
DA:494,0
DA:495,0
DA:497,0
DA:500,0
DA:501,0
DA:502,0
DA:503,0
DA:504,0
DA:510,0
DA:511,0
DA:512,0
DA:514,0
DA:515,0
DA:516,0
DA:517,0
DA:518,0
DA:524,0
DA:525,0
DA:526,0
DA:528,0
DA:529,0
DA:530,0
DA:535,0
DA:536,0
DA:537,0
DA:539,0
DA:540,0
DA:541,0
DA:542,0
DA:543,0
DA:548,0
DA:549,0
DA:550,0
DA:552,0
DA:553,0
DA:554,0
DA:555,0
DA:556,0
DA:561,0
DA:562,0
DA:563,0
DA:565,0
DA:566,0
DA:567,0
DA:568,0
DA:569,0
DA:574,0
DA:575,0
DA:576,0
DA:578,0
DA:579,0
DA:580,0
DA:581,0
DA:582,0
DA:587,0
DA:588,0
DA:589,0
DA:591,0
DA:592,0
DA:593,0
DA:594,0
DA:595,0
DA:596,0
DA:601,0
DA:602,0
DA:603,0
DA:605,0
DA:606,0
DA:607,0
DA:608,0
DA:609,0
LF:329
LH:0
end_of_record
SF:lib/router/shell_routers/search_shell_router.dart
DA:6,0
DA:7,0
DA:8,0
DA:9,0
DA:11,0
DA:12,0
DA:13,0
LF:7
LH:0
end_of_record
SF:lib/router/shell_routers/update_shell_router.dart
DA:6,0
DA:7,0
DA:8,0
DA:9,0
DA:11,0
DA:12,0
DA:13,0
LF:7
LH:0
end_of_record
